{"/home/shreyas/SE_G25/proj2/backend/controllers/cartController.js": {"path":"/home/shreyas/SE_G25/proj2/backend/controllers/cartController.js","statementMap":{"0":{"start":{"line":12,"column":18},"end":{"line":28,"column":1}},"1":{"start":{"line":13,"column":3},"end":{"line":27,"column":4}},"2":{"start":{"line":14,"column":21},"end":{"line":14,"column":67}},"3":{"start":{"line":15,"column":21},"end":{"line":15,"column":44}},"4":{"start":{"line":16,"column":6},"end":{"line":21,"column":7}},"5":{"start":{"line":17,"column":9},"end":{"line":17,"column":39}},"6":{"start":{"line":20,"column":9},"end":{"line":20,"column":40}},"7":{"start":{"line":22,"column":6},"end":{"line":22,"column":69}},"8":{"start":{"line":23,"column":6},"end":{"line":23,"column":60}},"9":{"start":{"line":25,"column":6},"end":{"line":25,"column":25}},"10":{"start":{"line":26,"column":6},"end":{"line":26,"column":52}},"11":{"start":{"line":40,"column":23},"end":{"line":54,"column":1}},"12":{"start":{"line":41,"column":3},"end":{"line":52,"column":4}},"13":{"start":{"line":42,"column":21},"end":{"line":42,"column":62}},"14":{"start":{"line":43,"column":21},"end":{"line":43,"column":44}},"15":{"start":{"line":44,"column":6},"end":{"line":46,"column":7}},"16":{"start":{"line":45,"column":9},"end":{"line":45,"column":40}},"17":{"start":{"line":47,"column":6},"end":{"line":47,"column":69}},"18":{"start":{"line":48,"column":6},"end":{"line":48,"column":64}},"19":{"start":{"line":50,"column":6},"end":{"line":50,"column":25}},"20":{"start":{"line":51,"column":6},"end":{"line":51,"column":52}},"21":{"start":{"line":64,"column":16},"end":{"line":73,"column":1}},"22":{"start":{"line":65,"column":3},"end":{"line":72,"column":4}},"23":{"start":{"line":66,"column":21},"end":{"line":66,"column":62}},"24":{"start":{"line":67,"column":21},"end":{"line":67,"column":44}},"25":{"start":{"line":68,"column":6},"end":{"line":68,"column":53}},"26":{"start":{"line":70,"column":6},"end":{"line":70,"column":25}},"27":{"start":{"line":71,"column":6},"end":{"line":71,"column":52}}},"fnMap":{"0":{"name":"(anonymous_0)","decl":{"start":{"line":12,"column":18},"end":{"line":12,"column":19}},"loc":{"start":{"line":12,"column":38},"end":{"line":28,"column":1}},"line":12},"1":{"name":"(anonymous_1)","decl":{"start":{"line":40,"column":23},"end":{"line":40,"column":24}},"loc":{"start":{"line":40,"column":43},"end":{"line":54,"column":1}},"line":40},"2":{"name":"(anonymous_2)","decl":{"start":{"line":64,"column":16},"end":{"line":64,"column":17}},"loc":{"start":{"line":64,"column":36},"end":{"line":73,"column":1}},"line":64}},"branchMap":{"0":{"loc":{"start":{"line":16,"column":6},"end":{"line":21,"column":7}},"type":"if","locations":[{"start":{"line":16,"column":6},"end":{"line":21,"column":7}},{"start":{"line":19,"column":11},"end":{"line":21,"column":7}}],"line":16},"1":{"loc":{"start":{"line":44,"column":6},"end":{"line":46,"column":7}},"type":"if","locations":[{"start":{"line":44,"column":6},"end":{"line":46,"column":7}},{"start":{},"end":{}}],"line":44}},"s":{"0":1,"1":3,"2":3,"3":2,"4":2,"5":1,"6":1,"7":2,"8":2,"9":1,"10":1,"11":1,"12":3,"13":3,"14":2,"15":2,"16":1,"17":2,"18":2,"19":1,"20":1,"21":1,"22":2,"23":2,"24":1,"25":1,"26":1,"27":1},"f":{"0":3,"1":3,"2":2},"b":{"0":[1,1],"1":[1,1]},"inputSourceMap":null,"_coverageSchema":"1a1c01bbd47fc00a2c39e90264f33305004495a9","hash":"5173f1b8023a3f768c2242393425162c62411333"}
,"/home/shreyas/SE_G25/proj2/backend/controllers/foodController.js": {"path":"/home/shreyas/SE_G25/proj2/backend/controllers/foodController.js","statementMap":{"0":{"start":{"line":7,"column":19},"end":{"line":7,"column":49}},"1":{"start":{"line":8,"column":18},"end":{"line":8,"column":42}},"2":{"start":{"line":17,"column":17},"end":{"line":41,"column":1}},"3":{"start":{"line":18,"column":4},"end":{"line":40,"column":5}},"4":{"start":{"line":19,"column":22},"end":{"line":19,"column":46}},"5":{"start":{"line":20,"column":32},"end":{"line":34,"column":10}},"6":{"start":{"line":21,"column":28},"end":{"line":21,"column":43}},"7":{"start":{"line":24,"column":12},"end":{"line":26,"column":13}},"8":{"start":{"line":25,"column":16},"end":{"line":25,"column":75}},"9":{"start":{"line":29,"column":12},"end":{"line":31,"column":13}},"10":{"start":{"line":30,"column":16},"end":{"line":30,"column":79}},"11":{"start":{"line":33,"column":12},"end":{"line":33,"column":27}},"12":{"start":{"line":36,"column":8},"end":{"line":36,"column":59}},"13":{"start":{"line":38,"column":8},"end":{"line":38,"column":27}},"14":{"start":{"line":39,"column":8},"end":{"line":39,"column":55}},"15":{"start":{"line":59,"column":16},"end":{"line":89,"column":1}},"16":{"start":{"line":61,"column":4},"end":{"line":88,"column":5}},"17":{"start":{"line":62,"column":25},"end":{"line":71,"column":9}},"18":{"start":{"line":74,"column":8},"end":{"line":79,"column":9}},"19":{"start":{"line":75,"column":12},"end":{"line":78,"column":14}},"20":{"start":{"line":81,"column":21},"end":{"line":81,"column":44}},"21":{"start":{"line":83,"column":8},"end":{"line":83,"column":26}},"22":{"start":{"line":84,"column":8},"end":{"line":84,"column":58}},"23":{"start":{"line":86,"column":8},"end":{"line":86,"column":27}},"24":{"start":{"line":87,"column":8},"end":{"line":87,"column":54}},"25":{"start":{"line":100,"column":19},"end":{"line":114,"column":1}},"26":{"start":{"line":101,"column":4},"end":{"line":112,"column":5}},"27":{"start":{"line":103,"column":21},"end":{"line":103,"column":58}},"28":{"start":{"line":104,"column":8},"end":{"line":104,"column":53}},"29":{"start":{"line":106,"column":8},"end":{"line":106,"column":54}},"30":{"start":{"line":107,"column":8},"end":{"line":107,"column":60}},"31":{"start":{"line":110,"column":8},"end":{"line":110,"column":27}},"32":{"start":{"line":111,"column":8},"end":{"line":111,"column":54}}},"fnMap":{"0":{"name":"(anonymous_0)","decl":{"start":{"line":17,"column":17},"end":{"line":17,"column":18}},"loc":{"start":{"line":17,"column":37},"end":{"line":41,"column":1}},"line":17},"1":{"name":"(anonymous_1)","decl":{"start":{"line":20,"column":42},"end":{"line":20,"column":43}},"loc":{"start":{"line":20,"column":50},"end":{"line":34,"column":9}},"line":20},"2":{"name":"(anonymous_2)","decl":{"start":{"line":59,"column":16},"end":{"line":59,"column":17}},"loc":{"start":{"line":59,"column":36},"end":{"line":89,"column":1}},"line":59},"3":{"name":"(anonymous_3)","decl":{"start":{"line":100,"column":19},"end":{"line":100,"column":20}},"loc":{"start":{"line":100,"column":39},"end":{"line":114,"column":1}},"line":100},"4":{"name":"(anonymous_4)","decl":{"start":{"line":104,"column":43},"end":{"line":104,"column":44}},"loc":{"start":{"line":104,"column":49},"end":{"line":104,"column":52}},"line":104}},"branchMap":{"0":{"loc":{"start":{"line":24,"column":12},"end":{"line":26,"column":13}},"type":"if","locations":[{"start":{"line":24,"column":12},"end":{"line":26,"column":13}},{"start":{},"end":{}}],"line":24},"1":{"loc":{"start":{"line":24,"column":16},"end":{"line":24,"column":51}},"type":"binary-expr","locations":[{"start":{"line":24,"column":16},"end":{"line":24,"column":29}},{"start":{"line":24,"column":33},"end":{"line":24,"column":51}}],"line":24},"2":{"loc":{"start":{"line":29,"column":12},"end":{"line":31,"column":13}},"type":"if","locations":[{"start":{"line":29,"column":12},"end":{"line":31,"column":13}},{"start":{},"end":{}}],"line":29},"3":{"loc":{"start":{"line":29,"column":16},"end":{"line":29,"column":55}},"type":"binary-expr","locations":[{"start":{"line":29,"column":16},"end":{"line":29,"column":31}},{"start":{"line":29,"column":35},"end":{"line":29,"column":55}}],"line":29},"4":{"loc":{"start":{"line":74,"column":8},"end":{"line":79,"column":9}},"type":"if","locations":[{"start":{"line":74,"column":8},"end":{"line":79,"column":9}},{"start":{},"end":{}}],"line":74},"5":{"loc":{"start":{"line":74,"column":12},"end":{"line":74,"column":53}},"type":"binary-expr","locations":[{"start":{"line":74,"column":12},"end":{"line":74,"column":29}},{"start":{"line":74,"column":33},"end":{"line":74,"column":53}}],"line":74}},"s":{"0":1,"1":1,"2":1,"3":2,"4":2,"5":1,"6":2,"7":2,"8":0,"9":2,"10":0,"11":2,"12":1,"13":1,"14":1,"15":1,"16":0,"17":0,"18":0,"19":0,"20":0,"21":0,"22":0,"23":0,"24":0,"25":1,"26":2,"27":2,"28":1,"29":1,"30":1,"31":1,"32":1},"f":{"0":2,"1":2,"2":0,"3":2,"4":0},"b":{"0":[0,2],"1":[2,0],"2":[0,2],"3":[2,0],"4":[0,0],"5":[0,0]},"inputSourceMap":null,"_coverageSchema":"1a1c01bbd47fc00a2c39e90264f33305004495a9","hash":"5e1da1e1e0d53daae718f76f5fefb59b77a5e9b2"}
,"/home/shreyas/SE_G25/proj2/backend/controllers/orderController.js": {"path":"/home/shreyas/SE_G25/proj2/backend/controllers/orderController.js","statementMap":{"0":{"start":{"line":5,"column":15},"end":{"line":5,"column":56}},"1":{"start":{"line":9,"column":17},"end":{"line":9,"column":22}},"2":{"start":{"line":10,"column":23},"end":{"line":10,"column":24}},"3":{"start":{"line":11,"column":21},"end":{"line":11,"column":44}},"4":{"start":{"line":14,"column":15},"end":{"line":21,"column":1}},"5":{"start":{"line":23,"column":22},"end":{"line":23,"column":52}},"6":{"start":{"line":34,"column":28},"end":{"line":45,"column":1}},"7":{"start":{"line":54,"column":2},"end":{"line":54,"column":31}},"8":{"start":{"line":54,"column":19},"end":{"line":54,"column":31}},"9":{"start":{"line":55,"column":16},"end":{"line":55,"column":54}},"10":{"start":{"line":56,"column":2},"end":{"line":56,"column":23}},"11":{"start":{"line":71,"column":20},"end":{"line":108,"column":1}},"12":{"start":{"line":72,"column":2},"end":{"line":107,"column":3}},"13":{"start":{"line":73,"column":32},"end":{"line":73,"column":40}},"14":{"start":{"line":74,"column":18},"end":{"line":74,"column":52}},"15":{"start":{"line":75,"column":4},"end":{"line":76,"column":70}},"16":{"start":{"line":76,"column":6},"end":{"line":76,"column":70}},"17":{"start":{"line":78,"column":4},"end":{"line":79,"column":67}},"18":{"start":{"line":79,"column":6},"end":{"line":79,"column":67}},"19":{"start":{"line":81,"column":20},"end":{"line":81,"column":53}},"20":{"start":{"line":82,"column":27},"end":{"line":82,"column":80}},"21":{"start":{"line":83,"column":4},"end":{"line":87,"column":9}},"22":{"start":{"line":84,"column":6},"end":{"line":87,"column":9}},"23":{"start":{"line":90,"column":4},"end":{"line":90,"column":39}},"24":{"start":{"line":91,"column":4},"end":{"line":91,"column":23}},"25":{"start":{"line":93,"column":30},"end":{"line":93,"column":62}},"26":{"start":{"line":94,"column":4},"end":{"line":101,"column":5}},"27":{"start":{"line":95,"column":6},"end":{"line":100,"column":9}},"28":{"start":{"line":103,"column":4},"end":{"line":103,"column":73}},"29":{"start":{"line":105,"column":4},"end":{"line":105,"column":47}},"30":{"start":{"line":106,"column":4},"end":{"line":106,"column":68}},"31":{"start":{"line":121,"column":19},"end":{"line":156,"column":1}},"32":{"start":{"line":122,"column":2},"end":{"line":155,"column":3}},"33":{"start":{"line":123,"column":24},"end":{"line":123,"column":32}},"34":{"start":{"line":124,"column":22},"end":{"line":124,"column":37}},"35":{"start":{"line":126,"column":18},"end":{"line":126,"column":52}},"36":{"start":{"line":127,"column":4},"end":{"line":128,"column":70}},"37":{"start":{"line":128,"column":6},"end":{"line":128,"column":70}},"38":{"start":{"line":130,"column":4},"end":{"line":134,"column":9}},"39":{"start":{"line":131,"column":6},"end":{"line":134,"column":9}},"40":{"start":{"line":137,"column":4},"end":{"line":137,"column":67}},"41":{"start":{"line":137,"column":31},"end":{"line":137,"column":67}},"42":{"start":{"line":140,"column":4},"end":{"line":140,"column":29}},"43":{"start":{"line":141,"column":4},"end":{"line":141,"column":32}},"44":{"start":{"line":142,"column":4},"end":{"line":142,"column":33}},"45":{"start":{"line":143,"column":4},"end":{"line":143,"column":37}},"46":{"start":{"line":145,"column":4},"end":{"line":145,"column":23}},"47":{"start":{"line":147,"column":4},"end":{"line":151,"column":7}},"48":{"start":{"line":153,"column":4},"end":{"line":153,"column":46}},"49":{"start":{"line":154,"column":4},"end":{"line":154,"column":66}},"50":{"start":{"line":171,"column":19},"end":{"line":190,"column":1}},"51":{"start":{"line":172,"column":2},"end":{"line":189,"column":3}},"52":{"start":{"line":173,"column":21},"end":{"line":178,"column":6}},"53":{"start":{"line":179,"column":4},"end":{"line":179,"column":26}},"54":{"start":{"line":180,"column":4},"end":{"line":180,"column":73}},"55":{"start":{"line":182,"column":4},"end":{"line":185,"column":7}},"56":{"start":{"line":187,"column":4},"end":{"line":187,"column":25}},"57":{"start":{"line":188,"column":4},"end":{"line":188,"column":49}},"58":{"start":{"line":204,"column":22},"end":{"line":220,"column":1}},"59":{"start":{"line":205,"column":2},"end":{"line":219,"column":3}},"60":{"start":{"line":206,"column":21},"end":{"line":212,"column":6}},"61":{"start":{"line":213,"column":4},"end":{"line":213,"column":26}},"62":{"start":{"line":214,"column":4},"end":{"line":214,"column":73}},"63":{"start":{"line":215,"column":4},"end":{"line":215,"column":57}},"64":{"start":{"line":217,"column":4},"end":{"line":217,"column":25}},"65":{"start":{"line":218,"column":4},"end":{"line":218,"column":51}},"66":{"start":{"line":229,"column":19},"end":{"line":237,"column":1}},"67":{"start":{"line":230,"column":2},"end":{"line":236,"column":3}},"68":{"start":{"line":231,"column":19},"end":{"line":231,"column":63}},"69":{"start":{"line":232,"column":4},"end":{"line":232,"column":46}},"70":{"start":{"line":234,"column":4},"end":{"line":234,"column":23}},"71":{"start":{"line":235,"column":4},"end":{"line":235,"column":51}},"72":{"start":{"line":249,"column":19},"end":{"line":261,"column":1}},"73":{"start":{"line":250,"column":2},"end":{"line":260,"column":3}},"74":{"start":{"line":251,"column":19},"end":{"line":255,"column":25}},"75":{"start":{"line":256,"column":4},"end":{"line":256,"column":46}},"76":{"start":{"line":258,"column":4},"end":{"line":258,"column":25}},"77":{"start":{"line":259,"column":4},"end":{"line":259,"column":51}},"78":{"start":{"line":274,"column":21},"end":{"line":310,"column":1}},"79":{"start":{"line":275,"column":2},"end":{"line":309,"column":3}},"80":{"start":{"line":276,"column":38},"end":{"line":276,"column":46}},"81":{"start":{"line":278,"column":4},"end":{"line":279,"column":75}},"82":{"start":{"line":279,"column":6},"end":{"line":279,"column":75}},"83":{"start":{"line":281,"column":18},"end":{"line":281,"column":52}},"84":{"start":{"line":282,"column":4},"end":{"line":283,"column":70}},"85":{"start":{"line":283,"column":6},"end":{"line":283,"column":70}},"86":{"start":{"line":285,"column":20},"end":{"line":285,"column":53}},"87":{"start":{"line":286,"column":4},"end":{"line":291,"column":9}},"88":{"start":{"line":287,"column":6},"end":{"line":291,"column":9}},"89":{"start":{"line":293,"column":4},"end":{"line":301,"column":5}},"90":{"start":{"line":294,"column":22},"end":{"line":294,"column":63}},"91":{"start":{"line":295,"column":6},"end":{"line":300,"column":9}},"92":{"start":{"line":303,"column":4},"end":{"line":303,"column":24}},"93":{"start":{"line":304,"column":4},"end":{"line":304,"column":23}},"94":{"start":{"line":305,"column":4},"end":{"line":305,"column":79}},"95":{"start":{"line":307,"column":4},"end":{"line":307,"column":23}},"96":{"start":{"line":308,"column":4},"end":{"line":308,"column":51}},"97":{"start":{"line":323,"column":20},"end":{"line":336,"column":1}},"98":{"start":{"line":324,"column":31},"end":{"line":324,"column":39}},"99":{"start":{"line":325,"column":2},"end":{"line":335,"column":3}},"100":{"start":{"line":326,"column":4},"end":{"line":332,"column":5}},"101":{"start":{"line":327,"column":6},"end":{"line":327,"column":69}},"102":{"start":{"line":328,"column":6},"end":{"line":328,"column":51}},"103":{"start":{"line":330,"column":6},"end":{"line":330,"column":50}},"104":{"start":{"line":331,"column":6},"end":{"line":331,"column":56}},"105":{"start":{"line":334,"column":4},"end":{"line":334,"column":58}},"106":{"start":{"line":349,"column":22},"end":{"line":420,"column":1}},"107":{"start":{"line":350,"column":2},"end":{"line":419,"column":3}},"108":{"start":{"line":351,"column":35},"end":{"line":351,"column":43}},"109":{"start":{"line":353,"column":4},"end":{"line":357,"column":9}},"110":{"start":{"line":354,"column":6},"end":{"line":357,"column":9}},"111":{"start":{"line":359,"column":18},"end":{"line":359,"column":52}},"112":{"start":{"line":360,"column":4},"end":{"line":360,"column":80}},"113":{"start":{"line":360,"column":16},"end":{"line":360,"column":80}},"114":{"start":{"line":362,"column":20},"end":{"line":362,"column":58}},"115":{"start":{"line":363,"column":4},"end":{"line":364,"column":72}},"116":{"start":{"line":364,"column":6},"end":{"line":364,"column":72}},"117":{"start":{"line":366,"column":20},"end":{"line":366,"column":53}},"118":{"start":{"line":367,"column":4},"end":{"line":371,"column":9}},"119":{"start":{"line":368,"column":6},"end":{"line":371,"column":9}},"120":{"start":{"line":373,"column":4},"end":{"line":379,"column":9}},"121":{"start":{"line":374,"column":6},"end":{"line":379,"column":9}},"122":{"start":{"line":382,"column":4},"end":{"line":382,"column":34}},"123":{"start":{"line":383,"column":4},"end":{"line":389,"column":6}},"124":{"start":{"line":390,"column":4},"end":{"line":390,"column":35}},"125":{"start":{"line":392,"column":4},"end":{"line":392,"column":23}},"126":{"start":{"line":394,"column":4},"end":{"line":409,"column":7}},"127":{"start":{"line":403,"column":46},"end":{"line":407,"column":7}},"128":{"start":{"line":411,"column":4},"end":{"line":415,"column":7}},"129":{"start":{"line":417,"column":4},"end":{"line":417,"column":45}},"130":{"start":{"line":418,"column":4},"end":{"line":418,"column":76}}},"fnMap":{"0":{"name":"canTransition","decl":{"start":{"line":53,"column":9},"end":{"line":53,"column":22}},"loc":{"start":{"line":53,"column":33},"end":{"line":57,"column":1}},"line":53},"1":{"name":"(anonymous_1)","decl":{"start":{"line":71,"column":20},"end":{"line":71,"column":21}},"loc":{"start":{"line":71,"column":40},"end":{"line":108,"column":1}},"line":71},"2":{"name":"(anonymous_2)","decl":{"start":{"line":121,"column":19},"end":{"line":121,"column":20}},"loc":{"start":{"line":121,"column":39},"end":{"line":156,"column":1}},"line":121},"3":{"name":"(anonymous_3)","decl":{"start":{"line":171,"column":19},"end":{"line":171,"column":20}},"loc":{"start":{"line":171,"column":39},"end":{"line":190,"column":1}},"line":171},"4":{"name":"(anonymous_4)","decl":{"start":{"line":204,"column":22},"end":{"line":204,"column":23}},"loc":{"start":{"line":204,"column":42},"end":{"line":220,"column":1}},"line":204},"5":{"name":"(anonymous_5)","decl":{"start":{"line":229,"column":19},"end":{"line":229,"column":20}},"loc":{"start":{"line":229,"column":39},"end":{"line":237,"column":1}},"line":229},"6":{"name":"(anonymous_6)","decl":{"start":{"line":249,"column":19},"end":{"line":249,"column":20}},"loc":{"start":{"line":249,"column":39},"end":{"line":261,"column":1}},"line":249},"7":{"name":"(anonymous_7)","decl":{"start":{"line":274,"column":21},"end":{"line":274,"column":22}},"loc":{"start":{"line":274,"column":41},"end":{"line":310,"column":1}},"line":274},"8":{"name":"(anonymous_8)","decl":{"start":{"line":323,"column":20},"end":{"line":323,"column":21}},"loc":{"start":{"line":323,"column":40},"end":{"line":336,"column":1}},"line":323},"9":{"name":"(anonymous_9)","decl":{"start":{"line":349,"column":22},"end":{"line":349,"column":23}},"loc":{"start":{"line":349,"column":42},"end":{"line":420,"column":1}},"line":349},"10":{"name":"(anonymous_10)","decl":{"start":{"line":403,"column":37},"end":{"line":403,"column":38}},"loc":{"start":{"line":403,"column":46},"end":{"line":407,"column":7}},"line":403}},"branchMap":{"0":{"loc":{"start":{"line":54,"column":2},"end":{"line":54,"column":31}},"type":"if","locations":[{"start":{"line":54,"column":2},"end":{"line":54,"column":31}},{"start":{},"end":{}}],"line":54},"1":{"loc":{"start":{"line":55,"column":16},"end":{"line":55,"column":54}},"type":"binary-expr","locations":[{"start":{"line":55,"column":16},"end":{"line":55,"column":41}},{"start":{"line":55,"column":45},"end":{"line":55,"column":54}}],"line":55},"2":{"loc":{"start":{"line":75,"column":4},"end":{"line":76,"column":70}},"type":"if","locations":[{"start":{"line":75,"column":4},"end":{"line":76,"column":70}},{"start":{},"end":{}}],"line":75},"3":{"loc":{"start":{"line":78,"column":4},"end":{"line":79,"column":67}},"type":"if","locations":[{"start":{"line":78,"column":4},"end":{"line":79,"column":67}},{"start":{},"end":{}}],"line":78},"4":{"loc":{"start":{"line":78,"column":8},"end":{"line":78,"column":61}},"type":"binary-expr","locations":[{"start":{"line":78,"column":8},"end":{"line":78,"column":31}},{"start":{"line":78,"column":35},"end":{"line":78,"column":61}}],"line":78},"5":{"loc":{"start":{"line":81,"column":20},"end":{"line":81,"column":53}},"type":"binary-expr","locations":[{"start":{"line":81,"column":20},"end":{"line":81,"column":32}},{"start":{"line":81,"column":36},"end":{"line":81,"column":53}}],"line":81},"6":{"loc":{"start":{"line":83,"column":4},"end":{"line":87,"column":9}},"type":"if","locations":[{"start":{"line":83,"column":4},"end":{"line":87,"column":9}},{"start":{},"end":{}}],"line":83},"7":{"loc":{"start":{"line":94,"column":4},"end":{"line":101,"column":5}},"type":"if","locations":[{"start":{"line":94,"column":4},"end":{"line":101,"column":5}},{"start":{},"end":{}}],"line":94},"8":{"loc":{"start":{"line":127,"column":4},"end":{"line":128,"column":70}},"type":"if","locations":[{"start":{"line":127,"column":4},"end":{"line":128,"column":70}},{"start":{},"end":{}}],"line":127},"9":{"loc":{"start":{"line":130,"column":4},"end":{"line":134,"column":9}},"type":"if","locations":[{"start":{"line":130,"column":4},"end":{"line":134,"column":9}},{"start":{},"end":{}}],"line":130},"10":{"loc":{"start":{"line":137,"column":4},"end":{"line":137,"column":67}},"type":"if","locations":[{"start":{"line":137,"column":4},"end":{"line":137,"column":67}},{"start":{},"end":{}}],"line":137},"11":{"loc":{"start":{"line":278,"column":4},"end":{"line":279,"column":75}},"type":"if","locations":[{"start":{"line":278,"column":4},"end":{"line":279,"column":75}},{"start":{},"end":{}}],"line":278},"12":{"loc":{"start":{"line":282,"column":4},"end":{"line":283,"column":70}},"type":"if","locations":[{"start":{"line":282,"column":4},"end":{"line":283,"column":70}},{"start":{},"end":{}}],"line":282},"13":{"loc":{"start":{"line":285,"column":20},"end":{"line":285,"column":53}},"type":"binary-expr","locations":[{"start":{"line":285,"column":20},"end":{"line":285,"column":32}},{"start":{"line":285,"column":36},"end":{"line":285,"column":53}}],"line":285},"14":{"loc":{"start":{"line":286,"column":4},"end":{"line":291,"column":9}},"type":"if","locations":[{"start":{"line":286,"column":4},"end":{"line":291,"column":9}},{"start":{},"end":{}}],"line":286},"15":{"loc":{"start":{"line":293,"column":4},"end":{"line":301,"column":5}},"type":"if","locations":[{"start":{"line":293,"column":4},"end":{"line":301,"column":5}},{"start":{},"end":{}}],"line":293},"16":{"loc":{"start":{"line":294,"column":27},"end":{"line":294,"column":61}},"type":"binary-expr","locations":[{"start":{"line":294,"column":27},"end":{"line":294,"column":55}},{"start":{"line":294,"column":59},"end":{"line":294,"column":61}}],"line":294},"17":{"loc":{"start":{"line":299,"column":22},"end":{"line":299,"column":66}},"type":"cond-expr","locations":[{"start":{"line":299,"column":39},"end":{"line":299,"column":57}},{"start":{"line":299,"column":60},"end":{"line":299,"column":66}}],"line":299},"18":{"loc":{"start":{"line":326,"column":4},"end":{"line":332,"column":5}},"type":"if","locations":[{"start":{"line":326,"column":4},"end":{"line":332,"column":5}},{"start":{"line":329,"column":11},"end":{"line":332,"column":5}}],"line":326},"19":{"loc":{"start":{"line":353,"column":4},"end":{"line":357,"column":9}},"type":"if","locations":[{"start":{"line":353,"column":4},"end":{"line":357,"column":9}},{"start":{},"end":{}}],"line":353},"20":{"loc":{"start":{"line":353,"column":8},"end":{"line":353,"column":30}},"type":"binary-expr","locations":[{"start":{"line":353,"column":8},"end":{"line":353,"column":16}},{"start":{"line":353,"column":20},"end":{"line":353,"column":30}}],"line":353},"21":{"loc":{"start":{"line":360,"column":4},"end":{"line":360,"column":80}},"type":"if","locations":[{"start":{"line":360,"column":4},"end":{"line":360,"column":80}},{"start":{},"end":{}}],"line":360},"22":{"loc":{"start":{"line":363,"column":4},"end":{"line":364,"column":72}},"type":"if","locations":[{"start":{"line":363,"column":4},"end":{"line":364,"column":72}},{"start":{},"end":{}}],"line":363},"23":{"loc":{"start":{"line":366,"column":20},"end":{"line":366,"column":53}},"type":"binary-expr","locations":[{"start":{"line":366,"column":20},"end":{"line":366,"column":32}},{"start":{"line":366,"column":36},"end":{"line":366,"column":53}}],"line":366},"24":{"loc":{"start":{"line":367,"column":4},"end":{"line":371,"column":9}},"type":"if","locations":[{"start":{"line":367,"column":4},"end":{"line":371,"column":9}},{"start":{},"end":{}}],"line":367},"25":{"loc":{"start":{"line":367,"column":8},"end":{"line":367,"column":71}},"type":"binary-expr","locations":[{"start":{"line":367,"column":8},"end":{"line":367,"column":39}},{"start":{"line":367,"column":43},"end":{"line":367,"column":71}}],"line":367},"26":{"loc":{"start":{"line":373,"column":4},"end":{"line":379,"column":9}},"type":"if","locations":[{"start":{"line":373,"column":4},"end":{"line":379,"column":9}},{"start":{},"end":{}}],"line":373},"27":{"loc":{"start":{"line":373,"column":8},"end":{"line":373,"column":41}},"type":"binary-expr","locations":[{"start":{"line":373,"column":8},"end":{"line":373,"column":21}},{"start":{"line":373,"column":25},"end":{"line":373,"column":41}}],"line":373},"28":{"loc":{"start":{"line":396,"column":20},"end":{"line":396,"column":51}},"type":"binary-expr","locations":[{"start":{"line":396,"column":20},"end":{"line":396,"column":38}},{"start":{"line":396,"column":42},"end":{"line":396,"column":51}}],"line":396},"29":{"loc":{"start":{"line":397,"column":22},"end":{"line":397,"column":55}},"type":"binary-expr","locations":[{"start":{"line":397,"column":22},"end":{"line":397,"column":42}},{"start":{"line":397,"column":46},"end":{"line":397,"column":55}}],"line":397},"30":{"loc":{"start":{"line":403,"column":14},"end":{"line":403,"column":31}},"type":"binary-expr","locations":[{"start":{"line":403,"column":14},"end":{"line":403,"column":25}},{"start":{"line":403,"column":29},"end":{"line":403,"column":31}}],"line":403},"31":{"loc":{"start":{"line":405,"column":13},"end":{"line":405,"column":39}},"type":"binary-expr","locations":[{"start":{"line":405,"column":13},"end":{"line":405,"column":24}},{"start":{"line":405,"column":28},"end":{"line":405,"column":34}},{"start":{"line":405,"column":38},"end":{"line":405,"column":39}}],"line":405},"32":{"loc":{"start":{"line":408,"column":13},"end":{"line":408,"column":40}},"type":"binary-expr","locations":[{"start":{"line":408,"column":13},"end":{"line":408,"column":25}},{"start":{"line":408,"column":29},"end":{"line":408,"column":40}}],"line":408}},"s":{"0":1,"1":1,"2":1,"3":1,"4":1,"5":1,"6":1,"7":3,"8":0,"9":3,"10":3,"11":1,"12":3,"13":3,"14":3,"15":3,"16":1,"17":2,"18":1,"19":1,"20":1,"21":1,"22":0,"23":1,"24":1,"25":1,"26":1,"27":1,"28":1,"29":0,"30":0,"31":1,"32":4,"33":4,"34":4,"35":4,"36":3,"37":1,"38":2,"39":1,"40":1,"41":1,"42":1,"43":1,"44":1,"45":1,"46":1,"47":1,"48":1,"49":1,"50":1,"51":0,"52":0,"53":0,"54":0,"55":0,"56":0,"57":0,"58":1,"59":0,"60":0,"61":0,"62":0,"63":0,"64":0,"65":0,"66":1,"67":1,"68":1,"69":1,"70":0,"71":0,"72":1,"73":1,"74":1,"75":1,"76":0,"77":0,"78":1,"79":4,"80":4,"81":4,"82":1,"83":3,"84":3,"85":0,"86":3,"87":3,"88":0,"89":3,"90":1,"91":1,"92":2,"93":2,"94":2,"95":0,"96":0,"97":1,"98":2,"99":2,"100":2,"101":1,"102":1,"103":1,"104":1,"105":0,"106":1,"107":2,"108":2,"109":2,"110":1,"111":1,"112":1,"113":0,"114":1,"115":1,"116":0,"117":1,"118":1,"119":0,"120":1,"121":0,"122":1,"123":1,"124":1,"125":1,"126":1,"127":0,"128":1,"129":0,"130":0},"f":{"0":3,"1":3,"2":4,"3":0,"4":0,"5":1,"6":1,"7":4,"8":2,"9":2,"10":0},"b":{"0":[0,3],"1":[3,0],"2":[1,2],"3":[1,1],"4":[2,1],"5":[1,0],"6":[0,1],"7":[1,0],"8":[1,2],"9":[1,1],"10":[1,0],"11":[1,3],"12":[0,3],"13":[3,0],"14":[0,3],"15":[1,2],"16":[1,0],"17":[1,0],"18":[1,1],"19":[1,1],"20":[2,1],"21":[0,1],"22":[0,1],"23":[1,0],"24":[0,1],"25":[1,0],"26":[0,1],"27":[1,0],"28":[1,1],"29":[1,1],"30":[1,1],"31":[0,0,0],"32":[1,1]},"inputSourceMap":null,"_coverageSchema":"1a1c01bbd47fc00a2c39e90264f33305004495a9","hash":"e16a2e17b1fcebbbe2fa2d2c18b472d93ca87893"}
,"/home/shreyas/SE_G25/proj2/backend/controllers/rerouteController.js": {"path":"/home/shreyas/SE_G25/proj2/backend/controllers/rerouteController.js","statementMap":{"0":{"start":{"line":13,"column":28},"end":{"line":29,"column":1}},"1":{"start":{"line":14,"column":2},"end":{"line":28,"column":3}},"2":{"start":{"line":15,"column":17},"end":{"line":15,"column":65}},"3":{"start":{"line":16,"column":18},"end":{"line":16,"column":83}},"4":{"start":{"line":17,"column":17},"end":{"line":17,"column":35}},"5":{"start":{"line":19,"column":26},"end":{"line":22,"column":6}},"6":{"start":{"line":24,"column":4},"end":{"line":24,"column":64}},"7":{"start":{"line":26,"column":4},"end":{"line":26,"column":21}},"8":{"start":{"line":27,"column":4},"end":{"line":27,"column":69}}},"fnMap":{"0":{"name":"(anonymous_0)","decl":{"start":{"line":13,"column":28},"end":{"line":13,"column":29}},"loc":{"start":{"line":13,"column":48},"end":{"line":29,"column":1}},"line":13}},"branchMap":{"0":{"loc":{"start":{"line":15,"column":35},"end":{"line":15,"column":56}},"type":"binary-expr","locations":[{"start":{"line":15,"column":35},"end":{"line":15,"column":49}},{"start":{"line":15,"column":53},"end":{"line":15,"column":56}}],"line":15},"1":{"loc":{"start":{"line":16,"column":45},"end":{"line":16,"column":68}},"type":"binary-expr","locations":[{"start":{"line":16,"column":45},"end":{"line":16,"column":60}},{"start":{"line":16,"column":64},"end":{"line":16,"column":68}}],"line":16}},"s":{"0":1,"1":5,"2":5,"3":5,"4":5,"5":5,"6":4,"7":1,"8":1},"f":{"0":5},"b":{"0":[5,2],"1":[5,2]},"inputSourceMap":null,"_coverageSchema":"1a1c01bbd47fc00a2c39e90264f33305004495a9","hash":"f44048c2e5a29809ef7cbf690923b73a768cf3d5"}
,"/home/shreyas/SE_G25/proj2/backend/controllers/shelterController.js": {"path":"/home/shreyas/SE_G25/proj2/backend/controllers/shelterController.js","statementMap":{"0":{"start":{"line":10,"column":28},"end":{"line":90,"column":1}},"1":{"start":{"line":11,"column":2},"end":{"line":89,"column":3}},"2":{"start":{"line":12,"column":21},"end":{"line":12,"column":64}},"3":{"start":{"line":13,"column":4},"end":{"line":15,"column":5}},"4":{"start":{"line":14,"column":6},"end":{"line":14,"column":76}},"5":{"start":{"line":17,"column":17},"end":{"line":82,"column":5}},"6":{"start":{"line":84,"column":4},"end":{"line":84,"column":40}},"7":{"start":{"line":85,"column":4},"end":{"line":85,"column":80}},"8":{"start":{"line":87,"column":4},"end":{"line":87,"column":19}},"9":{"start":{"line":88,"column":4},"end":{"line":88,"column":68}},"10":{"start":{"line":99,"column":28},"end":{"line":107,"column":1}},"11":{"start":{"line":100,"column":2},"end":{"line":106,"column":3}},"12":{"start":{"line":101,"column":21},"end":{"line":101,"column":80}},"13":{"start":{"line":102,"column":4},"end":{"line":102,"column":48}},"14":{"start":{"line":104,"column":4},"end":{"line":104,"column":19}},"15":{"start":{"line":105,"column":4},"end":{"line":105,"column":69}}},"fnMap":{"0":{"name":"(anonymous_0)","decl":{"start":{"line":10,"column":28},"end":{"line":10,"column":29}},"loc":{"start":{"line":10,"column":49},"end":{"line":90,"column":1}},"line":10},"1":{"name":"(anonymous_1)","decl":{"start":{"line":99,"column":28},"end":{"line":99,"column":29}},"loc":{"start":{"line":99,"column":49},"end":{"line":107,"column":1}},"line":99}},"branchMap":{"0":{"loc":{"start":{"line":13,"column":4},"end":{"line":15,"column":5}},"type":"if","locations":[{"start":{"line":13,"column":4},"end":{"line":15,"column":5}},{"start":{},"end":{}}],"line":13}},"s":{"0":1,"1":3,"2":3,"3":3,"4":1,"5":2,"6":2,"7":1,"8":1,"9":1,"10":1,"11":2,"12":2,"13":1,"14":1,"15":1},"f":{"0":3,"1":2},"b":{"0":[1,2]},"inputSourceMap":null,"_coverageSchema":"1a1c01bbd47fc00a2c39e90264f33305004495a9","hash":"12ae975adcec7d556890a8d78533d2965b3daf95"}
,"/home/shreyas/SE_G25/proj2/backend/controllers/userController.js": {"path":"/home/shreyas/SE_G25/proj2/backend/controllers/userController.js","statementMap":{"0":{"start":{"line":11,"column":20},"end":{"line":13,"column":1}},"1":{"start":{"line":12,"column":4},"end":{"line":12,"column":50}},"2":{"start":{"line":24,"column":18},"end":{"line":45,"column":1}},"3":{"start":{"line":25,"column":30},"end":{"line":25,"column":38}},"4":{"start":{"line":26,"column":4},"end":{"line":44,"column":5}},"5":{"start":{"line":27,"column":21},"end":{"line":27,"column":53}},"6":{"start":{"line":29,"column":8},"end":{"line":31,"column":9}},"7":{"start":{"line":30,"column":12},"end":{"line":30,"column":75}},"8":{"start":{"line":33,"column":24},"end":{"line":33,"column":69}},"9":{"start":{"line":35,"column":8},"end":{"line":37,"column":9}},"10":{"start":{"line":36,"column":12},"end":{"line":36,"column":75}},"11":{"start":{"line":39,"column":22},"end":{"line":39,"column":43}},"12":{"start":{"line":40,"column":8},"end":{"line":40,"column":38}},"13":{"start":{"line":42,"column":8},"end":{"line":42,"column":27}},"14":{"start":{"line":43,"column":8},"end":{"line":43,"column":49}},"15":{"start":{"line":61,"column":21},"end":{"line":103,"column":1}},"16":{"start":{"line":62,"column":45},"end":{"line":62,"column":53}},"17":{"start":{"line":63,"column":4},"end":{"line":102,"column":5}},"18":{"start":{"line":65,"column":23},"end":{"line":65,"column":55}},"19":{"start":{"line":66,"column":8},"end":{"line":68,"column":9}},"20":{"start":{"line":67,"column":12},"end":{"line":67,"column":75}},"21":{"start":{"line":71,"column":8},"end":{"line":73,"column":9}},"22":{"start":{"line":72,"column":12},"end":{"line":72,"column":82}},"23":{"start":{"line":74,"column":8},"end":{"line":76,"column":9}},"24":{"start":{"line":75,"column":12},"end":{"line":75,"column":86}},"25":{"start":{"line":79,"column":21},"end":{"line":79,"column":45}},"26":{"start":{"line":80,"column":31},"end":{"line":80,"column":64}},"27":{"start":{"line":82,"column":24},"end":{"line":93,"column":10}},"28":{"start":{"line":95,"column":21},"end":{"line":95,"column":41}},"29":{"start":{"line":96,"column":22},"end":{"line":96,"column":43}},"30":{"start":{"line":97,"column":8},"end":{"line":97,"column":38}},"31":{"start":{"line":100,"column":8},"end":{"line":100,"column":27}},"32":{"start":{"line":101,"column":8},"end":{"line":101,"column":49}}},"fnMap":{"0":{"name":"(anonymous_0)","decl":{"start":{"line":11,"column":20},"end":{"line":11,"column":21}},"loc":{"start":{"line":11,"column":28},"end":{"line":13,"column":1}},"line":11},"1":{"name":"(anonymous_1)","decl":{"start":{"line":24,"column":18},"end":{"line":24,"column":19}},"loc":{"start":{"line":24,"column":37},"end":{"line":45,"column":1}},"line":24},"2":{"name":"(anonymous_2)","decl":{"start":{"line":61,"column":21},"end":{"line":61,"column":22}},"loc":{"start":{"line":61,"column":40},"end":{"line":103,"column":1}},"line":61}},"branchMap":{"0":{"loc":{"start":{"line":29,"column":8},"end":{"line":31,"column":9}},"type":"if","locations":[{"start":{"line":29,"column":8},"end":{"line":31,"column":9}},{"start":{},"end":{}}],"line":29},"1":{"loc":{"start":{"line":35,"column":8},"end":{"line":37,"column":9}},"type":"if","locations":[{"start":{"line":35,"column":8},"end":{"line":37,"column":9}},{"start":{},"end":{}}],"line":35},"2":{"loc":{"start":{"line":66,"column":8},"end":{"line":68,"column":9}},"type":"if","locations":[{"start":{"line":66,"column":8},"end":{"line":68,"column":9}},{"start":{},"end":{}}],"line":66},"3":{"loc":{"start":{"line":71,"column":8},"end":{"line":73,"column":9}},"type":"if","locations":[{"start":{"line":71,"column":8},"end":{"line":73,"column":9}},{"start":{},"end":{}}],"line":71},"4":{"loc":{"start":{"line":74,"column":8},"end":{"line":76,"column":9}},"type":"if","locations":[{"start":{"line":74,"column":8},"end":{"line":76,"column":9}},{"start":{},"end":{}}],"line":74},"5":{"loc":{"start":{"line":86,"column":16},"end":{"line":92,"column":13}},"type":"binary-expr","locations":[{"start":{"line":86,"column":16},"end":{"line":86,"column":23}},{"start":{"line":86,"column":27},"end":{"line":92,"column":13}}],"line":86}},"s":{"0":1,"1":1,"2":1,"3":4,"4":4,"5":4,"6":3,"7":1,"8":2,"9":2,"10":1,"11":1,"12":1,"13":1,"14":1,"15":1,"16":4,"17":4,"18":4,"19":3,"20":1,"21":2,"22":1,"23":1,"24":1,"25":0,"26":0,"27":0,"28":0,"29":0,"30":0,"31":1,"32":1},"f":{"0":1,"1":4,"2":4},"b":{"0":[1,2],"1":[1,1],"2":[1,2],"3":[1,1],"4":[1,0],"5":[0,0]},"inputSourceMap":null,"_coverageSchema":"1a1c01bbd47fc00a2c39e90264f33305004495a9","hash":"8854d3690ce07cccb9781410f582da0af69e8544"}
,"/home/shreyas/SE_G25/proj2/backend/middleware/auth.js": {"path":"/home/shreyas/SE_G25/proj2/backend/middleware/auth.js","statementMap":{"0":{"start":{"line":14,"column":23},"end":{"line":26,"column":1}},"1":{"start":{"line":15,"column":22},"end":{"line":15,"column":33}},"2":{"start":{"line":16,"column":4},"end":{"line":18,"column":5}},"3":{"start":{"line":17,"column":8},"end":{"line":17,"column":78}},"4":{"start":{"line":19,"column":4},"end":{"line":25,"column":5}},"5":{"start":{"line":20,"column":30},"end":{"line":20,"column":71}},"6":{"start":{"line":21,"column":8},"end":{"line":21,"column":42}},"7":{"start":{"line":22,"column":8},"end":{"line":22,"column":15}},"8":{"start":{"line":24,"column":8},"end":{"line":24,"column":63}}},"fnMap":{"0":{"name":"(anonymous_0)","decl":{"start":{"line":14,"column":23},"end":{"line":14,"column":24}},"loc":{"start":{"line":14,"column":49},"end":{"line":26,"column":1}},"line":14}},"branchMap":{"0":{"loc":{"start":{"line":16,"column":4},"end":{"line":18,"column":5}},"type":"if","locations":[{"start":{"line":16,"column":4},"end":{"line":18,"column":5}},{"start":{},"end":{}}],"line":16}},"s":{"0":1,"1":4,"2":4,"3":1,"4":3,"5":3,"6":1,"7":1,"8":2},"f":{"0":4},"b":{"0":[1,3]},"inputSourceMap":null,"_coverageSchema":"1a1c01bbd47fc00a2c39e90264f33305004495a9","hash":"6a429221f7757d289c580cf2d2d321d63ae66524"}
,"/home/shreyas/SE_G25/proj2/backend/models/foodModel.js": {"path":"/home/shreyas/SE_G25/proj2/backend/models/foodModel.js","statementMap":{"0":{"start":{"line":3,"column":19},"end":{"line":16,"column":2}},"1":{"start":{"line":18,"column":18},"end":{"line":18,"column":76}}},"fnMap":{},"branchMap":{"0":{"loc":{"start":{"line":18,"column":18},"end":{"line":18,"column":76}},"type":"binary-expr","locations":[{"start":{"line":18,"column":18},"end":{"line":18,"column":38}},{"start":{"line":18,"column":42},"end":{"line":18,"column":76}}],"line":18}},"s":{"0":2,"1":2},"f":{},"b":{"0":[2,2]},"inputSourceMap":null,"_coverageSchema":"1a1c01bbd47fc00a2c39e90264f33305004495a9","hash":"4a8e8179020d8519d8d32d76a28da914e6bce796"}
,"/home/shreyas/SE_G25/proj2/backend/models/orderModel.js": {"path":"/home/shreyas/SE_G25/proj2/backend/models/orderModel.js","statementMap":{"0":{"start":{"line":3,"column":22},"end":{"line":10,"column":1}},"1":{"start":{"line":12,"column":20},"end":{"line":27,"column":2}},"2":{"start":{"line":30,"column":2},"end":{"line":30,"column":63}}},"fnMap":{},"branchMap":{"0":{"loc":{"start":{"line":30,"column":2},"end":{"line":30,"column":63}},"type":"binary-expr","locations":[{"start":{"line":30,"column":2},"end":{"line":30,"column":23}},{"start":{"line":30,"column":27},"end":{"line":30,"column":63}}],"line":30}},"s":{"0":2,"1":2,"2":2},"f":{},"b":{"0":[2,2]},"inputSourceMap":null,"_coverageSchema":"1a1c01bbd47fc00a2c39e90264f33305004495a9","hash":"7323b3d35f2f2343b636c617abf94494185c9c57"}
,"/home/shreyas/SE_G25/proj2/backend/models/rerouteModel.js": {"path":"/home/shreyas/SE_G25/proj2/backend/models/rerouteModel.js","statementMap":{"0":{"start":{"line":4,"column":22},"end":{"line":31,"column":1}},"1":{"start":{"line":33,"column":21},"end":{"line":33,"column":62}}},"fnMap":{},"branchMap":{},"s":{"0":2,"1":2},"f":{},"b":{},"inputSourceMap":null,"_coverageSchema":"1a1c01bbd47fc00a2c39e90264f33305004495a9","hash":"2df677f9d5a320b7f873174e0a72df4db8cb5086"}
,"/home/shreyas/SE_G25/proj2/backend/models/shelterModel.js": {"path":"/home/shreyas/SE_G25/proj2/backend/models/shelterModel.js","statementMap":{"0":{"start":{"line":3,"column":22},"end":{"line":20,"column":1}},"1":{"start":{"line":23,"column":2},"end":{"line":23,"column":69}}},"fnMap":{},"branchMap":{"0":{"loc":{"start":{"line":23,"column":2},"end":{"line":23,"column":69}},"type":"binary-expr","locations":[{"start":{"line":23,"column":2},"end":{"line":23,"column":25}},{"start":{"line":23,"column":29},"end":{"line":23,"column":69}}],"line":23}},"s":{"0":3,"1":3},"f":{},"b":{"0":[3,3]},"inputSourceMap":null,"_coverageSchema":"1a1c01bbd47fc00a2c39e90264f33305004495a9","hash":"9104c61f3269f853f2ee0885e00e52e84ed544d2"}
,"/home/shreyas/SE_G25/proj2/backend/models/userModel.js": {"path":"/home/shreyas/SE_G25/proj2/backend/models/userModel.js","statementMap":{"0":{"start":{"line":3,"column":19},"end":{"line":13,"column":2}},"1":{"start":{"line":15,"column":18},"end":{"line":15,"column":76}}},"fnMap":{},"branchMap":{"0":{"loc":{"start":{"line":15,"column":18},"end":{"line":15,"column":76}},"type":"binary-expr","locations":[{"start":{"line":15,"column":18},"end":{"line":15,"column":38}},{"start":{"line":15,"column":42},"end":{"line":15,"column":76}}],"line":15}},"s":{"0":4,"1":4},"f":{},"b":{"0":[4,4]},"inputSourceMap":null,"_coverageSchema":"1a1c01bbd47fc00a2c39e90264f33305004495a9","hash":"f32deec56e21323d53c065ff14ce1cf9759873f0"}
,"/home/shreyas/SE_G25/proj2/backend/routes/cartRoute.js": {"path":"/home/shreyas/SE_G25/proj2/backend/routes/cartRoute.js","statementMap":{"0":{"start":{"line":5,"column":19},"end":{"line":5,"column":35}},"1":{"start":{"line":7,"column":0},"end":{"line":7,"column":47}},"2":{"start":{"line":8,"column":0},"end":{"line":8,"column":49}},"3":{"start":{"line":9,"column":0},"end":{"line":9,"column":57}}},"fnMap":{},"branchMap":{},"s":{"0":0,"1":0,"2":0,"3":0},"f":{},"b":{},"inputSourceMap":null}
,"/home/shreyas/SE_G25/proj2/backend/routes/foodRoute.js": {"path":"/home/shreyas/SE_G25/proj2/backend/routes/foodRoute.js","statementMap":{"0":{"start":{"line":4,"column":19},"end":{"line":4,"column":35}},"1":{"start":{"line":16,"column":16},"end":{"line":16,"column":38}},"2":{"start":{"line":17,"column":15},"end":{"line":17,"column":43}},"3":{"start":{"line":19,"column":0},"end":{"line":19,"column":33}},"4":{"start":{"line":20,"column":0},"end":{"line":23,"column":13}},"5":{"start":{"line":24,"column":0},"end":{"line":24,"column":38}}},"fnMap":{},"branchMap":{},"s":{"0":0,"1":0,"2":0,"3":0,"4":0,"5":0},"f":{},"b":{},"inputSourceMap":null}
,"/home/shreyas/SE_G25/proj2/backend/routes/orderRoute.js": {"path":"/home/shreyas/SE_G25/proj2/backend/routes/orderRoute.js","statementMap":{"0":{"start":{"line":5,"column":20},"end":{"line":5,"column":36}},"1":{"start":{"line":7,"column":0},"end":{"line":7,"column":36}},"2":{"start":{"line":8,"column":0},"end":{"line":8,"column":58}},"3":{"start":{"line":9,"column":0},"end":{"line":9,"column":61}},"4":{"start":{"line":10,"column":0},"end":{"line":10,"column":53}},"5":{"start":{"line":11,"column":0},"end":{"line":11,"column":41}},"6":{"start":{"line":12,"column":0},"end":{"line":12,"column":40}},"7":{"start":{"line":13,"column":0},"end":{"line":13,"column":59}},"8":{"start":{"line":14,"column":0},"end":{"line":14,"column":55}},"9":{"start":{"line":15,"column":0},"end":{"line":15,"column":51}}},"fnMap":{},"branchMap":{},"s":{"0":0,"1":0,"2":0,"3":0,"4":0,"5":0,"6":0,"7":0,"8":0,"9":0},"f":{},"b":{},"inputSourceMap":null}
,"/home/shreyas/SE_G25/proj2/backend/routes/rerouteRoute.js": {"path":"/home/shreyas/SE_G25/proj2/backend/routes/rerouteRoute.js","statementMap":{"0":{"start":{"line":6,"column":22},"end":{"line":6,"column":38}},"1":{"start":{"line":10,"column":0},"end":{"line":10,"column":59}}},"fnMap":{},"branchMap":{},"s":{"0":0,"1":0},"f":{},"b":{},"inputSourceMap":null}
,"/home/shreyas/SE_G25/proj2/backend/routes/shelterRoute.js": {"path":"/home/shreyas/SE_G25/proj2/backend/routes/shelterRoute.js","statementMap":{"0":{"start":{"line":4,"column":22},"end":{"line":4,"column":38}},"1":{"start":{"line":7,"column":0},"end":{"line":7,"column":42}},"2":{"start":{"line":10,"column":0},"end":{"line":10,"column":41}}},"fnMap":{},"branchMap":{},"s":{"0":0,"1":0,"2":0},"f":{},"b":{},"inputSourceMap":null}
,"/home/shreyas/SE_G25/proj2/backend/routes/userRoute.js": {"path":"/home/shreyas/SE_G25/proj2/backend/routes/userRoute.js","statementMap":{"0":{"start":{"line":3,"column":19},"end":{"line":3,"column":35}},"1":{"start":{"line":5,"column":0},"end":{"line":5,"column":42}},"2":{"start":{"line":6,"column":0},"end":{"line":6,"column":36}}},"fnMap":{},"branchMap":{},"s":{"0":0,"1":0,"2":0},"f":{},"b":{},"inputSourceMap":null}
}
