{"/Users/smruthibt/Desktop/SE_G25/proj2/backend/controllers/cartController.js": {"path":"/Users/smruthibt/Desktop/SE_G25/proj2/backend/controllers/cartController.js","statementMap":{"0":{"start":{"line":4,"column":18},"end":{"line":20,"column":1}},"1":{"start":{"line":5,"column":3},"end":{"line":19,"column":4}},"2":{"start":{"line":6,"column":21},"end":{"line":6,"column":67}},"3":{"start":{"line":7,"column":21},"end":{"line":7,"column":44}},"4":{"start":{"line":8,"column":6},"end":{"line":13,"column":7}},"5":{"start":{"line":9,"column":9},"end":{"line":9,"column":39}},"6":{"start":{"line":12,"column":9},"end":{"line":12,"column":40}},"7":{"start":{"line":14,"column":6},"end":{"line":14,"column":69}},"8":{"start":{"line":15,"column":6},"end":{"line":15,"column":60}},"9":{"start":{"line":17,"column":6},"end":{"line":17,"column":25}},"10":{"start":{"line":18,"column":6},"end":{"line":18,"column":52}},"11":{"start":{"line":23,"column":23},"end":{"line":37,"column":1}},"12":{"start":{"line":24,"column":3},"end":{"line":35,"column":4}},"13":{"start":{"line":25,"column":21},"end":{"line":25,"column":62}},"14":{"start":{"line":26,"column":21},"end":{"line":26,"column":44}},"15":{"start":{"line":27,"column":6},"end":{"line":29,"column":7}},"16":{"start":{"line":28,"column":9},"end":{"line":28,"column":40}},"17":{"start":{"line":30,"column":6},"end":{"line":30,"column":69}},"18":{"start":{"line":31,"column":6},"end":{"line":31,"column":64}},"19":{"start":{"line":33,"column":6},"end":{"line":33,"column":25}},"20":{"start":{"line":34,"column":6},"end":{"line":34,"column":52}},"21":{"start":{"line":40,"column":16},"end":{"line":49,"column":1}},"22":{"start":{"line":41,"column":3},"end":{"line":48,"column":4}},"23":{"start":{"line":42,"column":21},"end":{"line":42,"column":62}},"24":{"start":{"line":43,"column":21},"end":{"line":43,"column":44}},"25":{"start":{"line":44,"column":6},"end":{"line":44,"column":53}},"26":{"start":{"line":46,"column":6},"end":{"line":46,"column":25}},"27":{"start":{"line":47,"column":6},"end":{"line":47,"column":52}}},"fnMap":{"0":{"name":"(anonymous_0)","decl":{"start":{"line":4,"column":18},"end":{"line":4,"column":19}},"loc":{"start":{"line":4,"column":38},"end":{"line":20,"column":1}},"line":4},"1":{"name":"(anonymous_1)","decl":{"start":{"line":23,"column":23},"end":{"line":23,"column":24}},"loc":{"start":{"line":23,"column":43},"end":{"line":37,"column":1}},"line":23},"2":{"name":"(anonymous_2)","decl":{"start":{"line":40,"column":16},"end":{"line":40,"column":17}},"loc":{"start":{"line":40,"column":36},"end":{"line":49,"column":1}},"line":40}},"branchMap":{"0":{"loc":{"start":{"line":8,"column":6},"end":{"line":13,"column":7}},"type":"if","locations":[{"start":{"line":8,"column":6},"end":{"line":13,"column":7}},{"start":{"line":11,"column":11},"end":{"line":13,"column":7}}],"line":8},"1":{"loc":{"start":{"line":27,"column":6},"end":{"line":29,"column":7}},"type":"if","locations":[{"start":{"line":27,"column":6},"end":{"line":29,"column":7}},{"start":{},"end":{}}],"line":27}},"s":{"0":1,"1":3,"2":3,"3":2,"4":2,"5":1,"6":1,"7":2,"8":2,"9":1,"10":1,"11":1,"12":3,"13":3,"14":2,"15":2,"16":1,"17":2,"18":2,"19":1,"20":1,"21":1,"22":2,"23":2,"24":1,"25":1,"26":1,"27":1},"f":{"0":3,"1":3,"2":2},"b":{"0":[1,1],"1":[1,1]},"inputSourceMap":null,"_coverageSchema":"1a1c01bbd47fc00a2c39e90264f33305004495a9","hash":"6b0fad97db630d2d36a1dacf90e64511b16d8cab"}
,"/Users/smruthibt/Desktop/SE_G25/proj2/backend/controllers/foodController.js": {"path":"/Users/smruthibt/Desktop/SE_G25/proj2/backend/controllers/foodController.js","statementMap":{"0":{"start":{"line":7,"column":19},"end":{"line":7,"column":49}},"1":{"start":{"line":8,"column":18},"end":{"line":8,"column":42}},"2":{"start":{"line":21,"column":17},"end":{"line":37,"column":1}},"3":{"start":{"line":22,"column":4},"end":{"line":36,"column":5}},"4":{"start":{"line":23,"column":22},"end":{"line":23,"column":46}},"5":{"start":{"line":24,"column":32},"end":{"line":31,"column":10}},"6":{"start":{"line":26,"column":12},"end":{"line":26,"column":102}},"7":{"start":{"line":27,"column":12},"end":{"line":30,"column":14}},"8":{"start":{"line":32,"column":8},"end":{"line":32,"column":59}},"9":{"start":{"line":34,"column":8},"end":{"line":34,"column":27}},"10":{"start":{"line":35,"column":8},"end":{"line":35,"column":55}},"11":{"start":{"line":40,"column":16},"end":{"line":60,"column":1}},"12":{"start":{"line":42,"column":4},"end":{"line":59,"column":5}},"13":{"start":{"line":43,"column":21},"end":{"line":52,"column":10}},"14":{"start":{"line":54,"column":8},"end":{"line":54,"column":26}},"15":{"start":{"line":55,"column":8},"end":{"line":55,"column":58}},"16":{"start":{"line":57,"column":8},"end":{"line":57,"column":27}},"17":{"start":{"line":58,"column":8},"end":{"line":58,"column":54}},"18":{"start":{"line":63,"column":19},"end":{"line":77,"column":1}},"19":{"start":{"line":64,"column":4},"end":{"line":75,"column":5}},"20":{"start":{"line":66,"column":21},"end":{"line":66,"column":58}},"21":{"start":{"line":67,"column":8},"end":{"line":67,"column":53}},"22":{"start":{"line":69,"column":8},"end":{"line":69,"column":54}},"23":{"start":{"line":70,"column":8},"end":{"line":70,"column":60}},"24":{"start":{"line":73,"column":8},"end":{"line":73,"column":27}},"25":{"start":{"line":74,"column":8},"end":{"line":74,"column":54}}},"fnMap":{"0":{"name":"(anonymous_0)","decl":{"start":{"line":21,"column":17},"end":{"line":21,"column":18}},"loc":{"start":{"line":21,"column":37},"end":{"line":37,"column":1}},"line":21},"1":{"name":"(anonymous_1)","decl":{"start":{"line":24,"column":42},"end":{"line":24,"column":43}},"loc":{"start":{"line":24,"column":50},"end":{"line":31,"column":9}},"line":24},"2":{"name":"(anonymous_2)","decl":{"start":{"line":40,"column":16},"end":{"line":40,"column":17}},"loc":{"start":{"line":40,"column":36},"end":{"line":60,"column":1}},"line":40},"3":{"name":"(anonymous_3)","decl":{"start":{"line":63,"column":19},"end":{"line":63,"column":20}},"loc":{"start":{"line":63,"column":39},"end":{"line":77,"column":1}},"line":63},"4":{"name":"(anonymous_4)","decl":{"start":{"line":67,"column":43},"end":{"line":67,"column":44}},"loc":{"start":{"line":67,"column":49},"end":{"line":67,"column":52}},"line":67}},"branchMap":{},"s":{"0":1,"1":1,"2":1,"3":2,"4":2,"5":1,"6":2,"7":2,"8":1,"9":1,"10":1,"11":1,"12":0,"13":0,"14":0,"15":0,"16":0,"17":0,"18":1,"19":2,"20":2,"21":1,"22":1,"23":1,"24":1,"25":1},"f":{"0":2,"1":2,"2":0,"3":2,"4":0},"b":{},"inputSourceMap":null,"_coverageSchema":"1a1c01bbd47fc00a2c39e90264f33305004495a9","hash":"39034d76c32ddb9edc1c07315ab7c43bb37dea15"}
,"/Users/smruthibt/Desktop/SE_G25/proj2/backend/controllers/orderController.js": {"path":"/Users/smruthibt/Desktop/SE_G25/proj2/backend/controllers/orderController.js","statementMap":{"0":{"start":{"line":5,"column":15},"end":{"line":5,"column":56}},"1":{"start":{"line":8,"column":17},"end":{"line":8,"column":22}},"2":{"start":{"line":9,"column":23},"end":{"line":9,"column":24}},"3":{"start":{"line":10,"column":21},"end":{"line":10,"column":44}},"4":{"start":{"line":15,"column":15},"end":{"line":21,"column":1}},"5":{"start":{"line":23,"column":22},"end":{"line":23,"column":52}},"6":{"start":{"line":33,"column":28},"end":{"line":39,"column":1}},"7":{"start":{"line":42,"column":2},"end":{"line":42,"column":31}},"8":{"start":{"line":42,"column":19},"end":{"line":42,"column":31}},"9":{"start":{"line":43,"column":16},"end":{"line":43,"column":54}},"10":{"start":{"line":44,"column":2},"end":{"line":44,"column":23}},"11":{"start":{"line":54,"column":20},"end":{"line":100,"column":1}},"12":{"start":{"line":55,"column":2},"end":{"line":99,"column":3}},"13":{"start":{"line":56,"column":32},"end":{"line":56,"column":40}},"14":{"start":{"line":58,"column":18},"end":{"line":58,"column":52}},"15":{"start":{"line":59,"column":4},"end":{"line":61,"column":5}},"16":{"start":{"line":60,"column":6},"end":{"line":60,"column":70}},"17":{"start":{"line":63,"column":4},"end":{"line":65,"column":5}},"18":{"start":{"line":64,"column":6},"end":{"line":64,"column":67}},"19":{"start":{"line":67,"column":20},"end":{"line":67,"column":53}},"20":{"start":{"line":68,"column":27},"end":{"line":68,"column":80}},"21":{"start":{"line":70,"column":4},"end":{"line":75,"column":5}},"22":{"start":{"line":71,"column":6},"end":{"line":74,"column":9}},"23":{"start":{"line":77,"column":4},"end":{"line":77,"column":39}},"24":{"start":{"line":78,"column":4},"end":{"line":78,"column":23}},"25":{"start":{"line":81,"column":30},"end":{"line":81,"column":62}},"26":{"start":{"line":82,"column":4},"end":{"line":89,"column":5}},"27":{"start":{"line":83,"column":6},"end":{"line":88,"column":9}},"28":{"start":{"line":91,"column":4},"end":{"line":95,"column":7}},"29":{"start":{"line":97,"column":4},"end":{"line":97,"column":23}},"30":{"start":{"line":98,"column":4},"end":{"line":98,"column":75}},"31":{"start":{"line":103,"column":19},"end":{"line":141,"column":1}},"32":{"start":{"line":104,"column":2},"end":{"line":140,"column":3}},"33":{"start":{"line":105,"column":21},"end":{"line":110,"column":6}},"34":{"start":{"line":111,"column":4},"end":{"line":111,"column":26}},"35":{"start":{"line":112,"column":4},"end":{"line":112,"column":73}},"36":{"start":{"line":115,"column":23},"end":{"line":122,"column":7}},"37":{"start":{"line":115,"column":53},"end":{"line":122,"column":5}},"38":{"start":{"line":123,"column":4},"end":{"line":130,"column":7}},"39":{"start":{"line":133,"column":4},"end":{"line":136,"column":7}},"40":{"start":{"line":138,"column":4},"end":{"line":138,"column":23}},"41":{"start":{"line":139,"column":4},"end":{"line":139,"column":49}},"42":{"start":{"line":144,"column":22},"end":{"line":161,"column":1}},"43":{"start":{"line":145,"column":2},"end":{"line":160,"column":3}},"44":{"start":{"line":146,"column":21},"end":{"line":152,"column":6}},"45":{"start":{"line":153,"column":4},"end":{"line":153,"column":26}},"46":{"start":{"line":154,"column":4},"end":{"line":154,"column":73}},"47":{"start":{"line":156,"column":4},"end":{"line":156,"column":57}},"48":{"start":{"line":158,"column":4},"end":{"line":158,"column":23}},"49":{"start":{"line":159,"column":4},"end":{"line":159,"column":51}},"50":{"start":{"line":164,"column":19},"end":{"line":172,"column":1}},"51":{"start":{"line":165,"column":2},"end":{"line":171,"column":3}},"52":{"start":{"line":166,"column":19},"end":{"line":166,"column":63}},"53":{"start":{"line":167,"column":4},"end":{"line":167,"column":46}},"54":{"start":{"line":169,"column":4},"end":{"line":169,"column":23}},"55":{"start":{"line":170,"column":4},"end":{"line":170,"column":51}},"56":{"start":{"line":175,"column":19},"end":{"line":185,"column":1}},"57":{"start":{"line":176,"column":2},"end":{"line":184,"column":3}},"58":{"start":{"line":177,"column":19},"end":{"line":179,"column":25}},"59":{"start":{"line":180,"column":4},"end":{"line":180,"column":46}},"60":{"start":{"line":182,"column":4},"end":{"line":182,"column":23}},"61":{"start":{"line":183,"column":4},"end":{"line":183,"column":51}},"62":{"start":{"line":188,"column":21},"end":{"line":229,"column":1}},"63":{"start":{"line":189,"column":2},"end":{"line":228,"column":3}},"64":{"start":{"line":190,"column":38},"end":{"line":190,"column":46}},"65":{"start":{"line":192,"column":4},"end":{"line":194,"column":5}},"66":{"start":{"line":193,"column":6},"end":{"line":193,"column":75}},"67":{"start":{"line":196,"column":18},"end":{"line":196,"column":52}},"68":{"start":{"line":197,"column":4},"end":{"line":199,"column":5}},"69":{"start":{"line":198,"column":6},"end":{"line":198,"column":70}},"70":{"start":{"line":201,"column":20},"end":{"line":201,"column":53}},"71":{"start":{"line":203,"column":4},"end":{"line":209,"column":5}},"72":{"start":{"line":204,"column":6},"end":{"line":208,"column":9}},"73":{"start":{"line":211,"column":4},"end":{"line":219,"column":5}},"74":{"start":{"line":212,"column":22},"end":{"line":212,"column":63}},"75":{"start":{"line":213,"column":6},"end":{"line":218,"column":9}},"76":{"start":{"line":221,"column":4},"end":{"line":221,"column":24}},"77":{"start":{"line":222,"column":4},"end":{"line":222,"column":23}},"78":{"start":{"line":224,"column":4},"end":{"line":224,"column":79}},"79":{"start":{"line":226,"column":4},"end":{"line":226,"column":23}},"80":{"start":{"line":227,"column":4},"end":{"line":227,"column":51}},"81":{"start":{"line":231,"column":20},"end":{"line":244,"column":1}},"82":{"start":{"line":232,"column":31},"end":{"line":232,"column":39}},"83":{"start":{"line":233,"column":2},"end":{"line":243,"column":3}},"84":{"start":{"line":234,"column":4},"end":{"line":240,"column":5}},"85":{"start":{"line":235,"column":6},"end":{"line":235,"column":69}},"86":{"start":{"line":236,"column":6},"end":{"line":236,"column":51}},"87":{"start":{"line":238,"column":6},"end":{"line":238,"column":50}},"88":{"start":{"line":239,"column":6},"end":{"line":239,"column":56}},"89":{"start":{"line":242,"column":4},"end":{"line":242,"column":59}},"90":{"start":{"line":257,"column":22},"end":{"line":323,"column":1}},"91":{"start":{"line":258,"column":2},"end":{"line":322,"column":3}},"92":{"start":{"line":259,"column":35},"end":{"line":259,"column":43}},"93":{"start":{"line":261,"column":4},"end":{"line":266,"column":5}},"94":{"start":{"line":262,"column":6},"end":{"line":265,"column":9}},"95":{"start":{"line":268,"column":18},"end":{"line":268,"column":52}},"96":{"start":{"line":269,"column":4},"end":{"line":269,"column":80}},"97":{"start":{"line":269,"column":16},"end":{"line":269,"column":80}},"98":{"start":{"line":271,"column":20},"end":{"line":271,"column":58}},"99":{"start":{"line":272,"column":4},"end":{"line":273,"column":72}},"100":{"start":{"line":273,"column":6},"end":{"line":273,"column":72}},"101":{"start":{"line":275,"column":20},"end":{"line":275,"column":53}},"102":{"start":{"line":278,"column":4},"end":{"line":286,"column":5}},"103":{"start":{"line":282,"column":6},"end":{"line":285,"column":9}},"104":{"start":{"line":289,"column":4},"end":{"line":296,"column":5}},"105":{"start":{"line":290,"column":6},"end":{"line":295,"column":9}},"106":{"start":{"line":299,"column":4},"end":{"line":301,"column":5}},"107":{"start":{"line":300,"column":6},"end":{"line":300,"column":41}},"108":{"start":{"line":303,"column":4},"end":{"line":309,"column":6}},"109":{"start":{"line":310,"column":4},"end":{"line":310,"column":35}},"110":{"start":{"line":312,"column":4},"end":{"line":312,"column":23}},"111":{"start":{"line":314,"column":4},"end":{"line":318,"column":7}},"112":{"start":{"line":320,"column":4},"end":{"line":320,"column":45}},"113":{"start":{"line":321,"column":4},"end":{"line":321,"column":76}}},"fnMap":{"0":{"name":"canTransition","decl":{"start":{"line":41,"column":9},"end":{"line":41,"column":22}},"loc":{"start":{"line":41,"column":33},"end":{"line":45,"column":1}},"line":41},"1":{"name":"(anonymous_1)","decl":{"start":{"line":54,"column":20},"end":{"line":54,"column":21}},"loc":{"start":{"line":54,"column":40},"end":{"line":100,"column":1}},"line":54},"2":{"name":"(anonymous_2)","decl":{"start":{"line":103,"column":19},"end":{"line":103,"column":20}},"loc":{"start":{"line":103,"column":39},"end":{"line":141,"column":1}},"line":103},"3":{"name":"(anonymous_3)","decl":{"start":{"line":115,"column":42},"end":{"line":115,"column":43}},"loc":{"start":{"line":115,"column":53},"end":{"line":122,"column":5}},"line":115},"4":{"name":"(anonymous_4)","decl":{"start":{"line":144,"column":22},"end":{"line":144,"column":23}},"loc":{"start":{"line":144,"column":42},"end":{"line":161,"column":1}},"line":144},"5":{"name":"(anonymous_5)","decl":{"start":{"line":164,"column":19},"end":{"line":164,"column":20}},"loc":{"start":{"line":164,"column":39},"end":{"line":172,"column":1}},"line":164},"6":{"name":"(anonymous_6)","decl":{"start":{"line":175,"column":19},"end":{"line":175,"column":20}},"loc":{"start":{"line":175,"column":39},"end":{"line":185,"column":1}},"line":175},"7":{"name":"(anonymous_7)","decl":{"start":{"line":188,"column":21},"end":{"line":188,"column":22}},"loc":{"start":{"line":188,"column":41},"end":{"line":229,"column":1}},"line":188},"8":{"name":"(anonymous_8)","decl":{"start":{"line":231,"column":20},"end":{"line":231,"column":21}},"loc":{"start":{"line":231,"column":40},"end":{"line":244,"column":1}},"line":231},"9":{"name":"(anonymous_9)","decl":{"start":{"line":257,"column":22},"end":{"line":257,"column":23}},"loc":{"start":{"line":257,"column":42},"end":{"line":323,"column":1}},"line":257}},"branchMap":{"0":{"loc":{"start":{"line":42,"column":2},"end":{"line":42,"column":31}},"type":"if","locations":[{"start":{"line":42,"column":2},"end":{"line":42,"column":31}},{"start":{},"end":{}}],"line":42},"1":{"loc":{"start":{"line":43,"column":16},"end":{"line":43,"column":54}},"type":"binary-expr","locations":[{"start":{"line":43,"column":16},"end":{"line":43,"column":41}},{"start":{"line":43,"column":45},"end":{"line":43,"column":54}}],"line":43},"2":{"loc":{"start":{"line":59,"column":4},"end":{"line":61,"column":5}},"type":"if","locations":[{"start":{"line":59,"column":4},"end":{"line":61,"column":5}},{"start":{},"end":{}}],"line":59},"3":{"loc":{"start":{"line":63,"column":4},"end":{"line":65,"column":5}},"type":"if","locations":[{"start":{"line":63,"column":4},"end":{"line":65,"column":5}},{"start":{},"end":{}}],"line":63},"4":{"loc":{"start":{"line":67,"column":20},"end":{"line":67,"column":53}},"type":"binary-expr","locations":[{"start":{"line":67,"column":20},"end":{"line":67,"column":32}},{"start":{"line":67,"column":36},"end":{"line":67,"column":53}}],"line":67},"5":{"loc":{"start":{"line":70,"column":4},"end":{"line":75,"column":5}},"type":"if","locations":[{"start":{"line":70,"column":4},"end":{"line":75,"column":5}},{"start":{},"end":{}}],"line":70},"6":{"loc":{"start":{"line":82,"column":4},"end":{"line":89,"column":5}},"type":"if","locations":[{"start":{"line":82,"column":4},"end":{"line":89,"column":5}},{"start":{},"end":{}}],"line":82},"7":{"loc":{"start":{"line":192,"column":4},"end":{"line":194,"column":5}},"type":"if","locations":[{"start":{"line":192,"column":4},"end":{"line":194,"column":5}},{"start":{},"end":{}}],"line":192},"8":{"loc":{"start":{"line":197,"column":4},"end":{"line":199,"column":5}},"type":"if","locations":[{"start":{"line":197,"column":4},"end":{"line":199,"column":5}},{"start":{},"end":{}}],"line":197},"9":{"loc":{"start":{"line":201,"column":20},"end":{"line":201,"column":53}},"type":"binary-expr","locations":[{"start":{"line":201,"column":20},"end":{"line":201,"column":32}},{"start":{"line":201,"column":36},"end":{"line":201,"column":53}}],"line":201},"10":{"loc":{"start":{"line":203,"column":4},"end":{"line":209,"column":5}},"type":"if","locations":[{"start":{"line":203,"column":4},"end":{"line":209,"column":5}},{"start":{},"end":{}}],"line":203},"11":{"loc":{"start":{"line":211,"column":4},"end":{"line":219,"column":5}},"type":"if","locations":[{"start":{"line":211,"column":4},"end":{"line":219,"column":5}},{"start":{},"end":{}}],"line":211},"12":{"loc":{"start":{"line":212,"column":27},"end":{"line":212,"column":61}},"type":"binary-expr","locations":[{"start":{"line":212,"column":27},"end":{"line":212,"column":55}},{"start":{"line":212,"column":59},"end":{"line":212,"column":61}}],"line":212},"13":{"loc":{"start":{"line":217,"column":22},"end":{"line":217,"column":66}},"type":"cond-expr","locations":[{"start":{"line":217,"column":39},"end":{"line":217,"column":57}},{"start":{"line":217,"column":60},"end":{"line":217,"column":66}}],"line":217},"14":{"loc":{"start":{"line":234,"column":4},"end":{"line":240,"column":5}},"type":"if","locations":[{"start":{"line":234,"column":4},"end":{"line":240,"column":5}},{"start":{"line":237,"column":11},"end":{"line":240,"column":5}}],"line":234},"15":{"loc":{"start":{"line":261,"column":4},"end":{"line":266,"column":5}},"type":"if","locations":[{"start":{"line":261,"column":4},"end":{"line":266,"column":5}},{"start":{},"end":{}}],"line":261},"16":{"loc":{"start":{"line":261,"column":8},"end":{"line":261,"column":30}},"type":"binary-expr","locations":[{"start":{"line":261,"column":8},"end":{"line":261,"column":16}},{"start":{"line":261,"column":20},"end":{"line":261,"column":30}}],"line":261},"17":{"loc":{"start":{"line":269,"column":4},"end":{"line":269,"column":80}},"type":"if","locations":[{"start":{"line":269,"column":4},"end":{"line":269,"column":80}},{"start":{},"end":{}}],"line":269},"18":{"loc":{"start":{"line":272,"column":4},"end":{"line":273,"column":72}},"type":"if","locations":[{"start":{"line":272,"column":4},"end":{"line":273,"column":72}},{"start":{},"end":{}}],"line":272},"19":{"loc":{"start":{"line":275,"column":20},"end":{"line":275,"column":53}},"type":"binary-expr","locations":[{"start":{"line":275,"column":20},"end":{"line":275,"column":32}},{"start":{"line":275,"column":36},"end":{"line":275,"column":53}}],"line":275},"20":{"loc":{"start":{"line":278,"column":4},"end":{"line":286,"column":5}},"type":"if","locations":[{"start":{"line":278,"column":4},"end":{"line":286,"column":5}},{"start":{},"end":{}}],"line":278},"21":{"loc":{"start":{"line":279,"column":6},"end":{"line":280,"column":34}},"type":"binary-expr","locations":[{"start":{"line":279,"column":6},"end":{"line":279,"column":37}},{"start":{"line":280,"column":6},"end":{"line":280,"column":34}}],"line":279},"22":{"loc":{"start":{"line":289,"column":4},"end":{"line":296,"column":5}},"type":"if","locations":[{"start":{"line":289,"column":4},"end":{"line":296,"column":5}},{"start":{},"end":{}}],"line":289},"23":{"loc":{"start":{"line":289,"column":8},"end":{"line":289,"column":41}},"type":"binary-expr","locations":[{"start":{"line":289,"column":8},"end":{"line":289,"column":21}},{"start":{"line":289,"column":25},"end":{"line":289,"column":41}}],"line":289},"24":{"loc":{"start":{"line":299,"column":4},"end":{"line":301,"column":5}},"type":"if","locations":[{"start":{"line":299,"column":4},"end":{"line":301,"column":5}},{"start":{},"end":{}}],"line":299}},"s":{"0":1,"1":1,"2":1,"3":1,"4":1,"5":1,"6":1,"7":1,"8":0,"9":1,"10":1,"11":1,"12":3,"13":3,"14":3,"15":3,"16":1,"17":2,"18":1,"19":1,"20":1,"21":1,"22":0,"23":1,"24":1,"25":1,"26":1,"27":1,"28":1,"29":0,"30":0,"31":1,"32":0,"33":0,"34":0,"35":0,"36":0,"37":0,"38":0,"39":0,"40":0,"41":0,"42":1,"43":0,"44":0,"45":0,"46":0,"47":0,"48":0,"49":0,"50":1,"51":1,"52":1,"53":1,"54":0,"55":0,"56":1,"57":1,"58":1,"59":1,"60":0,"61":0,"62":1,"63":2,"64":2,"65":2,"66":1,"67":1,"68":1,"69":0,"70":1,"71":1,"72":0,"73":1,"74":0,"75":0,"76":1,"77":1,"78":1,"79":0,"80":0,"81":1,"82":2,"83":2,"84":2,"85":1,"86":1,"87":1,"88":1,"89":0,"90":1,"91":2,"92":2,"93":2,"94":1,"95":1,"96":1,"97":0,"98":1,"99":1,"100":0,"101":1,"102":1,"103":0,"104":1,"105":0,"106":1,"107":0,"108":1,"109":1,"110":1,"111":1,"112":0,"113":0},"f":{"0":1,"1":3,"2":0,"3":0,"4":0,"5":1,"6":1,"7":2,"8":2,"9":2},"b":{"0":[0,1],"1":[1,0],"2":[1,2],"3":[1,1],"4":[1,0],"5":[0,1],"6":[1,0],"7":[1,1],"8":[0,1],"9":[1,0],"10":[0,1],"11":[0,1],"12":[0,0],"13":[0,0],"14":[1,1],"15":[1,1],"16":[2,1],"17":[0,1],"18":[0,1],"19":[1,0],"20":[0,1],"21":[1,0],"22":[0,1],"23":[1,0],"24":[0,1]},"inputSourceMap":null,"_coverageSchema":"1a1c01bbd47fc00a2c39e90264f33305004495a9","hash":"5f2f56a8a9deb8a58b5c188d166133e3878d3fcb"}
,"/Users/smruthibt/Desktop/SE_G25/proj2/backend/controllers/shelterController.js": {"path":"/Users/smruthibt/Desktop/SE_G25/proj2/backend/controllers/shelterController.js","statementMap":{"0":{"start":{"line":4,"column":28},"end":{"line":84,"column":1}},"1":{"start":{"line":5,"column":2},"end":{"line":83,"column":3}},"2":{"start":{"line":6,"column":21},"end":{"line":6,"column":64}},"3":{"start":{"line":7,"column":4},"end":{"line":9,"column":5}},"4":{"start":{"line":8,"column":6},"end":{"line":8,"column":76}},"5":{"start":{"line":11,"column":17},"end":{"line":76,"column":5}},"6":{"start":{"line":78,"column":4},"end":{"line":78,"column":40}},"7":{"start":{"line":79,"column":4},"end":{"line":79,"column":80}},"8":{"start":{"line":81,"column":4},"end":{"line":81,"column":19}},"9":{"start":{"line":82,"column":4},"end":{"line":82,"column":68}},"10":{"start":{"line":86,"column":28},"end":{"line":94,"column":1}},"11":{"start":{"line":87,"column":2},"end":{"line":93,"column":3}},"12":{"start":{"line":88,"column":21},"end":{"line":88,"column":80}},"13":{"start":{"line":89,"column":4},"end":{"line":89,"column":48}},"14":{"start":{"line":91,"column":4},"end":{"line":91,"column":19}},"15":{"start":{"line":92,"column":4},"end":{"line":92,"column":69}}},"fnMap":{"0":{"name":"(anonymous_0)","decl":{"start":{"line":4,"column":28},"end":{"line":4,"column":29}},"loc":{"start":{"line":4,"column":49},"end":{"line":84,"column":1}},"line":4},"1":{"name":"(anonymous_1)","decl":{"start":{"line":86,"column":28},"end":{"line":86,"column":29}},"loc":{"start":{"line":86,"column":49},"end":{"line":94,"column":1}},"line":86}},"branchMap":{"0":{"loc":{"start":{"line":7,"column":4},"end":{"line":9,"column":5}},"type":"if","locations":[{"start":{"line":7,"column":4},"end":{"line":9,"column":5}},{"start":{},"end":{}}],"line":7}},"s":{"0":1,"1":3,"2":3,"3":3,"4":1,"5":2,"6":2,"7":1,"8":1,"9":1,"10":1,"11":2,"12":2,"13":1,"14":1,"15":1},"f":{"0":3,"1":2},"b":{"0":[1,2]},"inputSourceMap":null,"_coverageSchema":"1a1c01bbd47fc00a2c39e90264f33305004495a9","hash":"23e725a3fe50018afaddfddf68332ef314b2291d"}
,"/Users/smruthibt/Desktop/SE_G25/proj2/backend/controllers/userController.js": {"path":"/Users/smruthibt/Desktop/SE_G25/proj2/backend/controllers/userController.js","statementMap":{"0":{"start":{"line":7,"column":20},"end":{"line":9,"column":1}},"1":{"start":{"line":8,"column":4},"end":{"line":8,"column":50}},"2":{"start":{"line":12,"column":18},"end":{"line":33,"column":1}},"3":{"start":{"line":13,"column":30},"end":{"line":13,"column":38}},"4":{"start":{"line":14,"column":4},"end":{"line":32,"column":5}},"5":{"start":{"line":15,"column":21},"end":{"line":15,"column":53}},"6":{"start":{"line":17,"column":8},"end":{"line":19,"column":9}},"7":{"start":{"line":18,"column":12},"end":{"line":18,"column":75}},"8":{"start":{"line":21,"column":24},"end":{"line":21,"column":69}},"9":{"start":{"line":23,"column":8},"end":{"line":25,"column":9}},"10":{"start":{"line":24,"column":12},"end":{"line":24,"column":75}},"11":{"start":{"line":27,"column":22},"end":{"line":27,"column":43}},"12":{"start":{"line":28,"column":8},"end":{"line":28,"column":38}},"13":{"start":{"line":30,"column":8},"end":{"line":30,"column":27}},"14":{"start":{"line":31,"column":8},"end":{"line":31,"column":49}},"15":{"start":{"line":36,"column":21},"end":{"line":78,"column":1}},"16":{"start":{"line":37,"column":45},"end":{"line":37,"column":53}},"17":{"start":{"line":38,"column":4},"end":{"line":77,"column":5}},"18":{"start":{"line":40,"column":23},"end":{"line":40,"column":55}},"19":{"start":{"line":41,"column":8},"end":{"line":43,"column":9}},"20":{"start":{"line":42,"column":12},"end":{"line":42,"column":75}},"21":{"start":{"line":46,"column":8},"end":{"line":48,"column":9}},"22":{"start":{"line":47,"column":12},"end":{"line":47,"column":82}},"23":{"start":{"line":49,"column":8},"end":{"line":51,"column":9}},"24":{"start":{"line":50,"column":12},"end":{"line":50,"column":86}},"25":{"start":{"line":54,"column":21},"end":{"line":54,"column":45}},"26":{"start":{"line":55,"column":31},"end":{"line":55,"column":64}},"27":{"start":{"line":57,"column":24},"end":{"line":68,"column":10}},"28":{"start":{"line":70,"column":21},"end":{"line":70,"column":41}},"29":{"start":{"line":71,"column":22},"end":{"line":71,"column":43}},"30":{"start":{"line":72,"column":8},"end":{"line":72,"column":38}},"31":{"start":{"line":75,"column":8},"end":{"line":75,"column":27}},"32":{"start":{"line":76,"column":8},"end":{"line":76,"column":49}}},"fnMap":{"0":{"name":"(anonymous_0)","decl":{"start":{"line":7,"column":20},"end":{"line":7,"column":21}},"loc":{"start":{"line":7,"column":28},"end":{"line":9,"column":1}},"line":7},"1":{"name":"(anonymous_1)","decl":{"start":{"line":12,"column":18},"end":{"line":12,"column":19}},"loc":{"start":{"line":12,"column":37},"end":{"line":33,"column":1}},"line":12},"2":{"name":"(anonymous_2)","decl":{"start":{"line":36,"column":21},"end":{"line":36,"column":22}},"loc":{"start":{"line":36,"column":40},"end":{"line":78,"column":1}},"line":36}},"branchMap":{"0":{"loc":{"start":{"line":17,"column":8},"end":{"line":19,"column":9}},"type":"if","locations":[{"start":{"line":17,"column":8},"end":{"line":19,"column":9}},{"start":{},"end":{}}],"line":17},"1":{"loc":{"start":{"line":23,"column":8},"end":{"line":25,"column":9}},"type":"if","locations":[{"start":{"line":23,"column":8},"end":{"line":25,"column":9}},{"start":{},"end":{}}],"line":23},"2":{"loc":{"start":{"line":41,"column":8},"end":{"line":43,"column":9}},"type":"if","locations":[{"start":{"line":41,"column":8},"end":{"line":43,"column":9}},{"start":{},"end":{}}],"line":41},"3":{"loc":{"start":{"line":46,"column":8},"end":{"line":48,"column":9}},"type":"if","locations":[{"start":{"line":46,"column":8},"end":{"line":48,"column":9}},{"start":{},"end":{}}],"line":46},"4":{"loc":{"start":{"line":49,"column":8},"end":{"line":51,"column":9}},"type":"if","locations":[{"start":{"line":49,"column":8},"end":{"line":51,"column":9}},{"start":{},"end":{}}],"line":49},"5":{"loc":{"start":{"line":61,"column":16},"end":{"line":67,"column":13}},"type":"binary-expr","locations":[{"start":{"line":61,"column":16},"end":{"line":61,"column":23}},{"start":{"line":61,"column":27},"end":{"line":67,"column":13}}],"line":61}},"s":{"0":1,"1":1,"2":1,"3":4,"4":4,"5":4,"6":3,"7":1,"8":2,"9":2,"10":1,"11":1,"12":1,"13":1,"14":1,"15":1,"16":4,"17":4,"18":4,"19":3,"20":1,"21":2,"22":1,"23":1,"24":1,"25":0,"26":0,"27":0,"28":0,"29":0,"30":0,"31":1,"32":1},"f":{"0":1,"1":4,"2":4},"b":{"0":[1,2],"1":[1,1],"2":[1,2],"3":[1,1],"4":[1,0],"5":[0,0]},"inputSourceMap":null,"_coverageSchema":"1a1c01bbd47fc00a2c39e90264f33305004495a9","hash":"920a19d49d2b5cece2f83faf41856359efe462ef"}
,"/Users/smruthibt/Desktop/SE_G25/proj2/backend/middleware/auth.js": {"path":"/Users/smruthibt/Desktop/SE_G25/proj2/backend/middleware/auth.js","statementMap":{"0":{"start":{"line":3,"column":23},"end":{"line":15,"column":1}},"1":{"start":{"line":4,"column":22},"end":{"line":4,"column":33}},"2":{"start":{"line":5,"column":4},"end":{"line":7,"column":5}},"3":{"start":{"line":6,"column":8},"end":{"line":6,"column":78}},"4":{"start":{"line":8,"column":4},"end":{"line":14,"column":5}},"5":{"start":{"line":9,"column":30},"end":{"line":9,"column":71}},"6":{"start":{"line":10,"column":8},"end":{"line":10,"column":42}},"7":{"start":{"line":11,"column":8},"end":{"line":11,"column":15}},"8":{"start":{"line":13,"column":8},"end":{"line":13,"column":63}}},"fnMap":{"0":{"name":"(anonymous_0)","decl":{"start":{"line":3,"column":23},"end":{"line":3,"column":24}},"loc":{"start":{"line":3,"column":49},"end":{"line":15,"column":1}},"line":3}},"branchMap":{"0":{"loc":{"start":{"line":5,"column":4},"end":{"line":7,"column":5}},"type":"if","locations":[{"start":{"line":5,"column":4},"end":{"line":7,"column":5}},{"start":{},"end":{}}],"line":5}},"s":{"0":1,"1":4,"2":4,"3":1,"4":3,"5":3,"6":1,"7":1,"8":2},"f":{"0":4},"b":{"0":[1,3]},"inputSourceMap":null,"_coverageSchema":"1a1c01bbd47fc00a2c39e90264f33305004495a9","hash":"afa8109a21632950ecd03e2734d77f8546a5e6e1"}
,"/Users/smruthibt/Desktop/SE_G25/proj2/backend/models/foodModel.js": {"path":"/Users/smruthibt/Desktop/SE_G25/proj2/backend/models/foodModel.js","statementMap":{"0":{"start":{"line":3,"column":19},"end":{"line":12,"column":2}},"1":{"start":{"line":14,"column":18},"end":{"line":14,"column":76}}},"fnMap":{},"branchMap":{"0":{"loc":{"start":{"line":14,"column":18},"end":{"line":14,"column":76}},"type":"binary-expr","locations":[{"start":{"line":14,"column":18},"end":{"line":14,"column":38}},{"start":{"line":14,"column":42},"end":{"line":14,"column":76}}],"line":14}},"s":{"0":2,"1":2},"f":{},"b":{"0":[2,2]},"inputSourceMap":null,"_coverageSchema":"1a1c01bbd47fc00a2c39e90264f33305004495a9","hash":"47e8c8ddc28c4ba40d67501ba08ccbb72aeff5c6"}
,"/Users/smruthibt/Desktop/SE_G25/proj2/backend/models/orderModel.js": {"path":"/Users/smruthibt/Desktop/SE_G25/proj2/backend/models/orderModel.js","statementMap":{"0":{"start":{"line":3,"column":22},"end":{"line":9,"column":1}},"1":{"start":{"line":11,"column":20},"end":{"line":26,"column":2}},"2":{"start":{"line":29,"column":2},"end":{"line":29,"column":63}}},"fnMap":{},"branchMap":{"0":{"loc":{"start":{"line":29,"column":2},"end":{"line":29,"column":63}},"type":"binary-expr","locations":[{"start":{"line":29,"column":2},"end":{"line":29,"column":23}},{"start":{"line":29,"column":27},"end":{"line":29,"column":63}}],"line":29}},"s":{"0":2,"1":2,"2":2},"f":{},"b":{"0":[2,2]},"inputSourceMap":null,"_coverageSchema":"1a1c01bbd47fc00a2c39e90264f33305004495a9","hash":"8dc3928782cdd633b7de03ceb4a842f8ace01b38"}
,"/Users/smruthibt/Desktop/SE_G25/proj2/backend/models/shelterModel.js": {"path":"/Users/smruthibt/Desktop/SE_G25/proj2/backend/models/shelterModel.js","statementMap":{"0":{"start":{"line":3,"column":22},"end":{"line":20,"column":1}},"1":{"start":{"line":23,"column":2},"end":{"line":23,"column":69}}},"fnMap":{},"branchMap":{"0":{"loc":{"start":{"line":23,"column":2},"end":{"line":23,"column":69}},"type":"binary-expr","locations":[{"start":{"line":23,"column":2},"end":{"line":23,"column":25}},{"start":{"line":23,"column":29},"end":{"line":23,"column":69}}],"line":23}},"s":{"0":3,"1":3},"f":{},"b":{"0":[3,3]},"inputSourceMap":null,"_coverageSchema":"1a1c01bbd47fc00a2c39e90264f33305004495a9","hash":"bf3de02107fd95f11f89bde2106aad4b18477890"}
,"/Users/smruthibt/Desktop/SE_G25/proj2/backend/models/userModel.js": {"path":"/Users/smruthibt/Desktop/SE_G25/proj2/backend/models/userModel.js","statementMap":{"0":{"start":{"line":3,"column":19},"end":{"line":13,"column":2}},"1":{"start":{"line":15,"column":18},"end":{"line":15,"column":76}}},"fnMap":{},"branchMap":{"0":{"loc":{"start":{"line":15,"column":18},"end":{"line":15,"column":76}},"type":"binary-expr","locations":[{"start":{"line":15,"column":18},"end":{"line":15,"column":38}},{"start":{"line":15,"column":42},"end":{"line":15,"column":76}}],"line":15}},"s":{"0":4,"1":4},"f":{},"b":{"0":[4,4]},"inputSourceMap":null,"_coverageSchema":"1a1c01bbd47fc00a2c39e90264f33305004495a9","hash":"b36cf148947195f16a02ca32e305def96e69778a"}
,"/Users/smruthibt/Desktop/SE_G25/proj2/backend/routes/cartRoute.js": {"path":"/Users/smruthibt/Desktop/SE_G25/proj2/backend/routes/cartRoute.js","statementMap":{"0":{"start":{"line":5,"column":19},"end":{"line":5,"column":35}},"1":{"start":{"line":7,"column":0},"end":{"line":7,"column":47}},"2":{"start":{"line":8,"column":0},"end":{"line":8,"column":49}},"3":{"start":{"line":9,"column":0},"end":{"line":9,"column":57}}},"fnMap":{},"branchMap":{},"s":{"0":0,"1":0,"2":0,"3":0},"f":{},"b":{},"inputSourceMap":null}
,"/Users/smruthibt/Desktop/SE_G25/proj2/backend/routes/foodRoute.js": {"path":"/Users/smruthibt/Desktop/SE_G25/proj2/backend/routes/foodRoute.js","statementMap":{"0":{"start":{"line":4,"column":19},"end":{"line":4,"column":35}},"1":{"start":{"line":16,"column":16},"end":{"line":16,"column":38}},"2":{"start":{"line":17,"column":15},"end":{"line":17,"column":43}},"3":{"start":{"line":19,"column":0},"end":{"line":19,"column":33}},"4":{"start":{"line":20,"column":0},"end":{"line":20,"column":55}},"5":{"start":{"line":21,"column":0},"end":{"line":21,"column":38}}},"fnMap":{},"branchMap":{},"s":{"0":0,"1":0,"2":0,"3":0,"4":0,"5":0},"f":{},"b":{},"inputSourceMap":null}
,"/Users/smruthibt/Desktop/SE_G25/proj2/backend/routes/orderRoute.js": {"path":"/Users/smruthibt/Desktop/SE_G25/proj2/backend/routes/orderRoute.js","statementMap":{"0":{"start":{"line":5,"column":20},"end":{"line":5,"column":36}},"1":{"start":{"line":7,"column":0},"end":{"line":7,"column":36}},"2":{"start":{"line":8,"column":0},"end":{"line":8,"column":58}},"3":{"start":{"line":9,"column":0},"end":{"line":9,"column":61}},"4":{"start":{"line":10,"column":0},"end":{"line":10,"column":53}},"5":{"start":{"line":11,"column":0},"end":{"line":11,"column":41}},"6":{"start":{"line":12,"column":0},"end":{"line":12,"column":40}},"7":{"start":{"line":13,"column":0},"end":{"line":13,"column":59}},"8":{"start":{"line":14,"column":0},"end":{"line":14,"column":51}},"9":{"start":{"line":19,"column":0},"end":{"line":19,"column":51}}},"fnMap":{},"branchMap":{},"s":{"0":0,"1":0,"2":0,"3":0,"4":0,"5":0,"6":0,"7":0,"8":0,"9":0},"f":{},"b":{},"inputSourceMap":null}
,"/Users/smruthibt/Desktop/SE_G25/proj2/backend/routes/shelterRoute.js": {"path":"/Users/smruthibt/Desktop/SE_G25/proj2/backend/routes/shelterRoute.js","statementMap":{"0":{"start":{"line":4,"column":22},"end":{"line":4,"column":38}},"1":{"start":{"line":7,"column":0},"end":{"line":7,"column":42}},"2":{"start":{"line":10,"column":0},"end":{"line":10,"column":41}}},"fnMap":{},"branchMap":{},"s":{"0":0,"1":0,"2":0},"f":{},"b":{},"inputSourceMap":null}
,"/Users/smruthibt/Desktop/SE_G25/proj2/backend/routes/userRoute.js": {"path":"/Users/smruthibt/Desktop/SE_G25/proj2/backend/routes/userRoute.js","statementMap":{"0":{"start":{"line":3,"column":19},"end":{"line":3,"column":35}},"1":{"start":{"line":5,"column":0},"end":{"line":5,"column":42}},"2":{"start":{"line":6,"column":0},"end":{"line":6,"column":36}}},"fnMap":{},"branchMap":{},"s":{"0":0,"1":0,"2":0},"f":{},"b":{},"inputSourceMap":null}
}
