TN:
SF:controllers/cartController.js
FN:12,(anonymous_0)
FN:40,(anonymous_1)
FN:64,(anonymous_2)
FNF:3
FNH:3
FNDA:3,(anonymous_0)
FNDA:3,(anonymous_1)
FNDA:2,(anonymous_2)
DA:12,1
DA:13,3
DA:14,3
DA:15,2
DA:16,2
DA:17,1
DA:20,1
DA:22,2
DA:23,2
DA:25,1
DA:26,1
DA:40,1
DA:41,3
DA:42,3
DA:43,2
DA:44,2
DA:45,1
DA:47,2
DA:48,2
DA:50,1
DA:51,1
DA:64,1
DA:65,2
DA:66,2
DA:67,1
DA:68,1
DA:70,1
DA:71,1
LF:28
LH:28
BRDA:16,0,0,1
BRDA:16,0,1,1
BRDA:44,1,0,1
BRDA:44,1,1,1
BRF:4
BRH:4
end_of_record
TN:
SF:controllers/foodController.js
FN:17,(anonymous_0)
FN:20,(anonymous_1)
FN:59,(anonymous_2)
FN:100,(anonymous_3)
FN:104,(anonymous_4)
FNF:5
FNH:3
FNDA:2,(anonymous_0)
FNDA:2,(anonymous_1)
FNDA:0,(anonymous_2)
FNDA:2,(anonymous_3)
FNDA:0,(anonymous_4)
DA:7,1
DA:8,1
DA:17,1
DA:18,2
DA:19,2
DA:20,1
DA:21,2
DA:24,2
DA:25,0
DA:29,2
DA:30,0
DA:33,2
DA:36,1
DA:38,1
DA:39,1
DA:59,1
DA:61,0
DA:62,0
DA:74,0
DA:75,0
DA:81,0
DA:83,0
DA:84,0
DA:86,0
DA:87,0
DA:100,1
DA:101,2
DA:103,2
DA:104,1
DA:106,1
DA:107,1
DA:110,1
DA:111,1
LF:33
LH:22
BRDA:24,0,0,0
BRDA:24,0,1,2
BRDA:24,1,0,2
BRDA:24,1,1,0
BRDA:29,2,0,0
BRDA:29,2,1,2
BRDA:29,3,0,2
BRDA:29,3,1,0
BRDA:74,4,0,0
BRDA:74,4,1,0
BRDA:74,5,0,0
BRDA:74,5,1,0
BRF:12
BRH:4
end_of_record
TN:
SF:controllers/orderController.js
FN:53,canTransition
FN:71,(anonymous_1)
FN:121,(anonymous_2)
FN:171,(anonymous_3)
FN:204,(anonymous_4)
FN:229,(anonymous_5)
FN:249,(anonymous_6)
FN:274,(anonymous_7)
FN:323,(anonymous_8)
FN:349,(anonymous_9)
FN:403,(anonymous_10)
FNF:11
FNH:8
FNDA:3,canTransition
FNDA:3,(anonymous_1)
FNDA:4,(anonymous_2)
FNDA:0,(anonymous_3)
FNDA:0,(anonymous_4)
FNDA:1,(anonymous_5)
FNDA:1,(anonymous_6)
FNDA:4,(anonymous_7)
FNDA:2,(anonymous_8)
FNDA:2,(anonymous_9)
FNDA:0,(anonymous_10)
DA:5,1
DA:9,1
DA:10,1
DA:11,1
DA:14,1
DA:23,1
DA:34,1
DA:54,3
DA:55,3
DA:56,3
DA:71,1
DA:72,3
DA:73,3
DA:74,3
DA:75,3
DA:76,1
DA:78,2
DA:79,1
DA:81,1
DA:82,1
DA:83,1
DA:84,0
DA:90,1
DA:91,1
DA:93,1
DA:94,1
DA:95,1
DA:103,1
DA:105,0
DA:106,0
DA:121,1
DA:122,4
DA:123,4
DA:124,4
DA:126,4
DA:127,3
DA:128,1
DA:130,2
DA:131,1
DA:137,1
DA:140,1
DA:141,1
DA:142,1
DA:143,1
DA:145,1
DA:147,1
DA:153,1
DA:154,1
DA:171,1
DA:172,0
DA:173,0
DA:179,0
DA:180,0
DA:182,0
DA:187,0
DA:188,0
DA:204,1
DA:205,0
DA:206,0
DA:213,0
DA:214,0
DA:215,0
DA:217,0
DA:218,0
DA:229,1
DA:230,1
DA:231,1
DA:232,1
DA:234,0
DA:235,0
DA:249,1
DA:250,1
DA:251,1
DA:256,1
DA:258,0
DA:259,0
DA:274,1
DA:275,4
DA:276,4
DA:278,4
DA:279,1
DA:281,3
DA:282,3
DA:283,0
DA:285,3
DA:286,3
DA:287,0
DA:293,3
DA:294,1
DA:295,1
DA:303,2
DA:304,2
DA:305,2
DA:307,0
DA:308,0
DA:323,1
DA:324,2
DA:325,2
DA:326,2
DA:327,1
DA:328,1
DA:330,1
DA:331,1
DA:334,0
DA:349,1
DA:350,2
DA:351,2
DA:353,2
DA:354,1
DA:359,1
DA:360,1
DA:362,1
DA:363,1
DA:364,0
DA:366,1
DA:367,1
DA:368,0
DA:373,1
DA:374,0
DA:382,1
DA:383,1
DA:390,1
DA:392,1
DA:394,1
DA:403,0
DA:411,1
DA:417,0
DA:418,0
LF:128
LH:96
BRDA:54,0,0,0
BRDA:54,0,1,3
BRDA:55,1,0,3
BRDA:55,1,1,0
BRDA:75,2,0,1
BRDA:75,2,1,2
BRDA:78,3,0,1
BRDA:78,3,1,1
BRDA:78,4,0,2
BRDA:78,4,1,1
BRDA:81,5,0,1
BRDA:81,5,1,0
BRDA:83,6,0,0
BRDA:83,6,1,1
BRDA:94,7,0,1
BRDA:94,7,1,0
BRDA:127,8,0,1
BRDA:127,8,1,2
BRDA:130,9,0,1
BRDA:130,9,1,1
BRDA:137,10,0,1
BRDA:137,10,1,0
BRDA:278,11,0,1
BRDA:278,11,1,3
BRDA:282,12,0,0
BRDA:282,12,1,3
BRDA:285,13,0,3
BRDA:285,13,1,0
BRDA:286,14,0,0
BRDA:286,14,1,3
BRDA:293,15,0,1
BRDA:293,15,1,2
BRDA:294,16,0,1
BRDA:294,16,1,0
BRDA:299,17,0,1
BRDA:299,17,1,0
BRDA:326,18,0,1
BRDA:326,18,1,1
BRDA:353,19,0,1
BRDA:353,19,1,1
BRDA:353,20,0,2
BRDA:353,20,1,1
BRDA:360,21,0,0
BRDA:360,21,1,1
BRDA:363,22,0,0
BRDA:363,22,1,1
BRDA:366,23,0,1
BRDA:366,23,1,0
BRDA:367,24,0,0
BRDA:367,24,1,1
BRDA:367,25,0,1
BRDA:367,25,1,0
BRDA:373,26,0,0
BRDA:373,26,1,1
BRDA:373,27,0,1
BRDA:373,27,1,0
BRDA:396,28,0,1
BRDA:396,28,1,1
BRDA:397,29,0,1
BRDA:397,29,1,1
BRDA:403,30,0,1
BRDA:403,30,1,1
BRDA:405,31,0,0
BRDA:405,31,1,0
BRDA:405,31,2,0
BRDA:408,32,0,1
BRDA:408,32,1,1
BRF:67
BRH:46
end_of_record
TN:
SF:controllers/rerouteController.js
FN:13,(anonymous_0)
FNF:1
FNH:1
FNDA:5,(anonymous_0)
DA:13,1
DA:14,5
DA:15,5
DA:16,5
DA:17,5
DA:19,5
DA:24,4
DA:26,1
DA:27,1
LF:9
LH:9
BRDA:15,0,0,5
BRDA:15,0,1,2
BRDA:16,1,0,5
BRDA:16,1,1,2
BRF:4
BRH:4
end_of_record
TN:
SF:controllers/shelterController.js
FN:10,(anonymous_0)
FN:99,(anonymous_1)
FNF:2
FNH:2
FNDA:3,(anonymous_0)
FNDA:2,(anonymous_1)
DA:10,1
DA:11,3
DA:12,3
DA:13,3
DA:14,1
DA:17,2
DA:84,2
DA:85,1
DA:87,1
DA:88,1
DA:99,1
DA:100,2
DA:101,2
DA:102,1
DA:104,1
DA:105,1
LF:16
LH:16
BRDA:13,0,0,1
BRDA:13,0,1,2
BRF:2
BRH:2
end_of_record
TN:
SF:controllers/userController.js
FN:11,(anonymous_0)
FN:24,(anonymous_1)
FN:61,(anonymous_2)
FNF:3
FNH:3
FNDA:1,(anonymous_0)
FNDA:4,(anonymous_1)
FNDA:4,(anonymous_2)
DA:11,1
DA:12,1
DA:24,1
DA:25,4
DA:26,4
DA:27,4
DA:29,3
DA:30,1
DA:33,2
DA:35,2
DA:36,1
DA:39,1
DA:40,1
DA:42,1
DA:43,1
DA:61,1
DA:62,4
DA:63,4
DA:65,4
DA:66,3
DA:67,1
DA:71,2
DA:72,1
DA:74,1
DA:75,1
DA:79,0
DA:80,0
DA:82,0
DA:95,0
DA:96,0
DA:97,0
DA:100,1
DA:101,1
LF:33
LH:27
BRDA:29,0,0,1
BRDA:29,0,1,2
BRDA:35,1,0,1
BRDA:35,1,1,1
BRDA:66,2,0,1
BRDA:66,2,1,2
BRDA:71,3,0,1
BRDA:71,3,1,1
BRDA:74,4,0,1
BRDA:74,4,1,0
BRDA:86,5,0,0
BRDA:86,5,1,0
BRF:12
BRH:9
end_of_record
TN:
SF:middleware/auth.js
FN:14,(anonymous_0)
FNF:1
FNH:1
FNDA:4,(anonymous_0)
DA:14,1
DA:15,4
DA:16,4
DA:17,1
DA:19,3
DA:20,3
DA:21,1
DA:22,1
DA:24,2
LF:9
LH:9
BRDA:16,0,0,1
BRDA:16,0,1,3
BRF:2
BRH:2
end_of_record
TN:
SF:models/foodModel.js
FNF:0
FNH:0
DA:3,2
DA:18,2
LF:2
LH:2
BRDA:18,0,0,2
BRDA:18,0,1,2
BRF:2
BRH:2
end_of_record
TN:
SF:models/orderModel.js
FNF:0
FNH:0
DA:3,2
DA:12,2
DA:30,2
LF:3
LH:3
BRDA:30,0,0,2
BRDA:30,0,1,2
BRF:2
BRH:2
end_of_record
TN:
SF:models/rerouteModel.js
FNF:0
FNH:0
DA:4,2
DA:33,2
LF:2
LH:2
BRF:0
BRH:0
end_of_record
TN:
SF:models/shelterModel.js
FNF:0
FNH:0
DA:3,3
DA:23,3
LF:2
LH:2
BRDA:23,0,0,3
BRDA:23,0,1,3
BRF:2
BRH:2
end_of_record
TN:
SF:models/userModel.js
FNF:0
FNH:0
DA:3,4
DA:15,4
LF:2
LH:2
BRDA:15,0,0,4
BRDA:15,0,1,4
BRF:2
BRH:2
end_of_record
TN:
SF:routes/cartRoute.js
FNF:0
FNH:0
DA:5,0
DA:7,0
DA:8,0
DA:9,0
LF:4
LH:0
BRF:0
BRH:0
end_of_record
TN:
SF:routes/foodRoute.js
FNF:0
FNH:0
DA:4,0
DA:16,0
DA:17,0
DA:19,0
DA:20,0
DA:24,0
LF:6
LH:0
BRF:0
BRH:0
end_of_record
TN:
SF:routes/orderRoute.js
FNF:0
FNH:0
DA:5,0
DA:7,0
DA:8,0
DA:9,0
DA:10,0
DA:11,0
DA:12,0
DA:13,0
DA:14,0
DA:15,0
LF:10
LH:0
BRF:0
BRH:0
end_of_record
TN:
SF:routes/rerouteRoute.js
FNF:0
FNH:0
DA:6,0
DA:10,0
LF:2
LH:0
BRF:0
BRH:0
end_of_record
TN:
SF:routes/shelterRoute.js
FNF:0
FNH:0
DA:4,0
DA:7,0
DA:10,0
LF:3
LH:0
BRF:0
BRH:0
end_of_record
TN:
SF:routes/userRoute.js
FNF:0
FNH:0
DA:3,0
DA:5,0
DA:6,0
LF:3
LH:0
BRF:0
BRH:0
end_of_record
