TN:
SF:controllers/cartController.js
FN:4,(anonymous_0)
FN:23,(anonymous_1)
FN:40,(anonymous_2)
FNF:3
FNH:3
FNDA:3,(anonymous_0)
FNDA:3,(anonymous_1)
FNDA:2,(anonymous_2)
DA:4,1
DA:5,3
DA:6,3
DA:7,2
DA:8,2
DA:9,1
DA:12,1
DA:14,2
DA:15,2
DA:17,1
DA:18,1
DA:23,1
DA:24,3
DA:25,3
DA:26,2
DA:27,2
DA:28,1
DA:30,2
DA:31,2
DA:33,1
DA:34,1
DA:40,1
DA:41,2
DA:42,2
DA:43,1
DA:44,1
DA:46,1
DA:47,1
LF:28
LH:28
BRDA:8,0,0,1
BRDA:8,0,1,1
BRDA:27,1,0,1
BRDA:27,1,1,1
BRF:4
BRH:4
end_of_record
TN:
SF:controllers/foodController.js
FN:21,(anonymous_0)
FN:24,(anonymous_1)
FN:40,(anonymous_2)
FN:63,(anonymous_3)
FN:67,(anonymous_4)
FNF:5
FNH:3
FNDA:2,(anonymous_0)
FNDA:2,(anonymous_1)
FNDA:0,(anonymous_2)
FNDA:2,(anonymous_3)
FNDA:0,(anonymous_4)
DA:7,1
DA:8,1
DA:21,1
DA:22,2
DA:23,2
DA:24,1
DA:26,2
DA:27,2
DA:32,1
DA:34,1
DA:35,1
DA:40,1
DA:42,0
DA:43,0
DA:54,0
DA:55,0
DA:57,0
DA:58,0
DA:63,1
DA:64,2
DA:66,2
DA:67,1
DA:69,1
DA:70,1
DA:73,1
DA:74,1
LF:26
LH:20
BRF:0
BRH:0
end_of_record
TN:
SF:controllers/orderController.js
FN:41,canTransition
FN:54,(anonymous_1)
FN:103,(anonymous_2)
FN:115,(anonymous_3)
FN:144,(anonymous_4)
FN:164,(anonymous_5)
FN:175,(anonymous_6)
FN:188,(anonymous_7)
FN:231,(anonymous_8)
FN:257,(anonymous_9)
FNF:10
FNH:7
FNDA:1,canTransition
FNDA:3,(anonymous_1)
FNDA:0,(anonymous_2)
FNDA:0,(anonymous_3)
FNDA:0,(anonymous_4)
FNDA:1,(anonymous_5)
FNDA:1,(anonymous_6)
FNDA:2,(anonymous_7)
FNDA:2,(anonymous_8)
FNDA:2,(anonymous_9)
DA:5,1
DA:8,1
DA:9,1
DA:10,1
DA:15,1
DA:23,1
DA:33,1
DA:42,1
DA:43,1
DA:44,1
DA:54,1
DA:55,3
DA:56,3
DA:58,3
DA:59,3
DA:60,1
DA:63,2
DA:64,1
DA:67,1
DA:68,1
DA:70,1
DA:71,0
DA:77,1
DA:78,1
DA:81,1
DA:82,1
DA:83,1
DA:91,1
DA:97,0
DA:98,0
DA:103,1
DA:104,0
DA:105,0
DA:111,0
DA:112,0
DA:115,0
DA:123,0
DA:133,0
DA:138,0
DA:139,0
DA:144,1
DA:145,0
DA:146,0
DA:153,0
DA:154,0
DA:156,0
DA:158,0
DA:159,0
DA:164,1
DA:165,1
DA:166,1
DA:167,1
DA:169,0
DA:170,0
DA:175,1
DA:176,1
DA:177,1
DA:180,1
DA:182,0
DA:183,0
DA:188,1
DA:189,2
DA:190,2
DA:192,2
DA:193,1
DA:196,1
DA:197,1
DA:198,0
DA:201,1
DA:203,1
DA:204,0
DA:211,1
DA:212,0
DA:213,0
DA:221,1
DA:222,1
DA:224,1
DA:226,0
DA:227,0
DA:231,1
DA:232,2
DA:233,2
DA:234,2
DA:235,1
DA:236,1
DA:238,1
DA:239,1
DA:242,0
DA:257,1
DA:258,2
DA:259,2
DA:261,2
DA:262,1
DA:268,1
DA:269,1
DA:271,1
DA:272,1
DA:273,0
DA:275,1
DA:278,1
DA:282,0
DA:289,1
DA:290,0
DA:299,1
DA:300,0
DA:303,1
DA:310,1
DA:312,1
DA:314,1
DA:320,0
DA:321,0
LF:111
LH:75
BRDA:42,0,0,0
BRDA:42,0,1,1
BRDA:43,1,0,1
BRDA:43,1,1,0
BRDA:59,2,0,1
BRDA:59,2,1,2
BRDA:63,3,0,1
BRDA:63,3,1,1
BRDA:67,4,0,1
BRDA:67,4,1,0
BRDA:70,5,0,0
BRDA:70,5,1,1
BRDA:82,6,0,1
BRDA:82,6,1,0
BRDA:192,7,0,1
BRDA:192,7,1,1
BRDA:197,8,0,0
BRDA:197,8,1,1
BRDA:201,9,0,1
BRDA:201,9,1,0
BRDA:203,10,0,0
BRDA:203,10,1,1
BRDA:211,11,0,0
BRDA:211,11,1,1
BRDA:212,12,0,0
BRDA:212,12,1,0
BRDA:217,13,0,0
BRDA:217,13,1,0
BRDA:234,14,0,1
BRDA:234,14,1,1
BRDA:261,15,0,1
BRDA:261,15,1,1
BRDA:261,16,0,2
BRDA:261,16,1,1
BRDA:269,17,0,0
BRDA:269,17,1,1
BRDA:272,18,0,0
BRDA:272,18,1,1
BRDA:275,19,0,1
BRDA:275,19,1,0
BRDA:278,20,0,0
BRDA:278,20,1,1
BRDA:279,21,0,1
BRDA:279,21,1,0
BRDA:289,22,0,0
BRDA:289,22,1,1
BRDA:289,23,0,1
BRDA:289,23,1,0
BRDA:299,24,0,0
BRDA:299,24,1,1
BRF:50
BRH:29
end_of_record
TN:
SF:controllers/shelterController.js
FN:4,(anonymous_0)
FN:86,(anonymous_1)
FNF:2
FNH:2
FNDA:3,(anonymous_0)
FNDA:2,(anonymous_1)
DA:4,1
DA:5,3
DA:6,3
DA:7,3
DA:8,1
DA:11,2
DA:78,2
DA:79,1
DA:81,1
DA:82,1
DA:86,1
DA:87,2
DA:88,2
DA:89,1
DA:91,1
DA:92,1
LF:16
LH:16
BRDA:7,0,0,1
BRDA:7,0,1,2
BRF:2
BRH:2
end_of_record
TN:
SF:controllers/userController.js
FN:7,(anonymous_0)
FN:12,(anonymous_1)
FN:36,(anonymous_2)
FNF:3
FNH:3
FNDA:1,(anonymous_0)
FNDA:4,(anonymous_1)
FNDA:4,(anonymous_2)
DA:7,1
DA:8,1
DA:12,1
DA:13,4
DA:14,4
DA:15,4
DA:17,3
DA:18,1
DA:21,2
DA:23,2
DA:24,1
DA:27,1
DA:28,1
DA:30,1
DA:31,1
DA:36,1
DA:37,4
DA:38,4
DA:40,4
DA:41,3
DA:42,1
DA:46,2
DA:47,1
DA:49,1
DA:50,1
DA:54,0
DA:55,0
DA:57,0
DA:70,0
DA:71,0
DA:72,0
DA:75,1
DA:76,1
LF:33
LH:27
BRDA:17,0,0,1
BRDA:17,0,1,2
BRDA:23,1,0,1
BRDA:23,1,1,1
BRDA:41,2,0,1
BRDA:41,2,1,2
BRDA:46,3,0,1
BRDA:46,3,1,1
BRDA:49,4,0,1
BRDA:49,4,1,0
BRDA:61,5,0,0
BRDA:61,5,1,0
BRF:12
BRH:9
end_of_record
TN:
SF:middleware/auth.js
FN:3,(anonymous_0)
FNF:1
FNH:1
FNDA:4,(anonymous_0)
DA:3,1
DA:4,4
DA:5,4
DA:6,1
DA:8,3
DA:9,3
DA:10,1
DA:11,1
DA:13,2
LF:9
LH:9
BRDA:5,0,0,1
BRDA:5,0,1,3
BRF:2
BRH:2
end_of_record
TN:
SF:models/foodModel.js
FNF:0
FNH:0
DA:3,2
DA:14,2
LF:2
LH:2
BRDA:14,0,0,2
BRDA:14,0,1,2
BRF:2
BRH:2
end_of_record
TN:
SF:models/orderModel.js
FNF:0
FNH:0
DA:3,2
DA:11,2
DA:29,2
LF:3
LH:3
BRDA:29,0,0,2
BRDA:29,0,1,2
BRF:2
BRH:2
end_of_record
TN:
SF:models/shelterModel.js
FNF:0
FNH:0
DA:3,3
DA:23,3
LF:2
LH:2
BRDA:23,0,0,3
BRDA:23,0,1,3
BRF:2
BRH:2
end_of_record
TN:
SF:models/userModel.js
FNF:0
FNH:0
DA:3,4
DA:15,4
LF:2
LH:2
BRDA:15,0,0,4
BRDA:15,0,1,4
BRF:2
BRH:2
end_of_record
TN:
SF:routes/cartRoute.js
FNF:0
FNH:0
DA:5,0
DA:7,0
DA:8,0
DA:9,0
LF:4
LH:0
BRF:0
BRH:0
end_of_record
TN:
SF:routes/foodRoute.js
FNF:0
FNH:0
DA:4,0
DA:16,0
DA:17,0
DA:19,0
DA:20,0
DA:21,0
LF:6
LH:0
BRF:0
BRH:0
end_of_record
TN:
SF:routes/orderRoute.js
FNF:0
FNH:0
DA:5,0
DA:7,0
DA:8,0
DA:9,0
DA:10,0
DA:11,0
DA:12,0
DA:13,0
DA:14,0
DA:19,0
LF:10
LH:0
BRF:0
BRH:0
end_of_record
TN:
SF:routes/shelterRoute.js
FNF:0
FNH:0
DA:4,0
DA:7,0
DA:10,0
LF:3
LH:0
BRF:0
BRH:0
end_of_record
TN:
SF:routes/userRoute.js
FNF:0
FNH:0
DA:3,0
DA:5,0
DA:6,0
LF:3
LH:0
BRF:0
BRH:0
end_of_record
