TN:
SF:src/App.jsx
FN:16,App
FNF:1
FNH:1
FNDA:1,App
DA:1,1
DA:2,1
DA:3,1
DA:4,1
DA:5,1
DA:6,1
DA:7,1
DA:8,1
DA:9,1
DA:10,1
DA:11,1
DA:12,1
DA:13,1
DA:14,1
DA:15,1
DA:16,1
DA:17,1
DA:18,1
DA:19,1
DA:20,1
DA:21,1
DA:22,1
DA:23,1
DA:24,1
DA:25,1
DA:26,1
DA:27,1
DA:28,1
DA:29,1
DA:30,1
DA:31,1
DA:32,1
DA:33,1
DA:34,1
DA:35,1
DA:36,1
DA:37,1
DA:38,1
DA:39,1
DA:40,1
DA:41,1
LF:41
LH:41
BRDA:16,0,0,1
BRDA:25,1,0,0
BRF:2
BRH:1
end_of_record
TN:
SF:src/main.jsx
FN:1,(empty-report)
FNF:1
FNH:0
FNDA:0,(empty-report)
DA:1,0
DA:2,0
DA:3,0
DA:4,0
DA:5,0
DA:6,0
DA:7,0
DA:8,0
DA:9,0
DA:10,0
DA:11,0
DA:12,0
DA:13,0
DA:14,0
DA:15,0
DA:16,0
DA:17,0
DA:18,0
DA:19,0
DA:20,0
DA:21,0
DA:22,0
LF:22
LH:0
BRDA:1,0,0,0
BRF:1
BRH:0
end_of_record
TN:
SF:src/Context/SocketContext.jsx
FN:11,useSocket
FN:21,SocketProvider
FNF:2
FNH:2
FNDA:10,useSocket
FNDA:6,SocketProvider
DA:1,1
DA:2,1
DA:3,1
DA:4,1
DA:5,1
DA:6,1
DA:7,1
DA:8,1
DA:9,1
DA:10,1
DA:11,1
DA:12,1
DA:13,1
DA:14,1
DA:15,1
DA:16,1
DA:17,1
DA:18,1
DA:19,1
DA:20,1
DA:21,1
DA:22,6
DA:23,6
DA:24,6
DA:25,3
DA:26,3
DA:27,3
DA:28,0
DA:29,3
DA:30,3
DA:31,3
DA:32,0
DA:33,3
DA:34,3
DA:35,3
DA:36,3
DA:37,3
DA:38,3
DA:39,3
DA:40,6
DA:41,6
DA:42,6
DA:43,6
DA:44,6
DA:45,6
DA:46,6
DA:47,6
LF:47
LH:45
BRDA:11,0,0,10
BRDA:21,1,0,6
BRDA:24,2,0,3
BRDA:37,3,0,3
BRF:4
BRH:4
end_of_record
TN:
SF:src/Context/StoreContext.jsx
FN:13,StoreContextProvider
FNF:1
FNH:0
FNDA:0,StoreContextProvider
DA:1,1
DA:2,1
DA:3,1
DA:4,1
DA:5,1
DA:6,1
DA:7,1
DA:8,1
DA:9,1
DA:10,1
DA:11,1
DA:12,1
DA:13,1
DA:14,0
DA:15,0
DA:16,0
DA:17,0
DA:18,0
DA:19,0
DA:20,0
DA:21,0
DA:22,0
DA:23,0
DA:24,0
DA:25,0
DA:26,0
DA:27,0
DA:28,0
DA:29,0
DA:30,0
DA:31,0
DA:32,0
DA:33,0
DA:34,0
DA:35,0
DA:36,0
DA:37,0
DA:38,0
DA:39,0
DA:40,0
DA:41,0
DA:42,0
DA:43,0
DA:44,0
DA:45,0
DA:46,0
DA:47,0
DA:48,0
DA:49,0
DA:50,0
DA:51,0
DA:52,0
DA:53,0
DA:54,0
DA:55,0
DA:56,0
DA:57,0
DA:58,0
DA:59,0
DA:60,0
DA:61,0
DA:62,0
DA:63,0
DA:64,0
DA:65,0
DA:66,0
DA:67,0
DA:68,0
DA:69,0
DA:70,0
DA:71,0
DA:72,0
DA:73,0
DA:74,0
DA:75,0
DA:76,0
DA:77,0
DA:78,0
DA:79,0
DA:80,0
DA:81,0
DA:82,0
DA:83,0
DA:84,0
DA:85,0
DA:86,0
DA:87,0
DA:88,0
DA:89,0
DA:90,0
DA:91,0
DA:92,0
DA:93,0
DA:94,0
DA:95,0
DA:96,0
DA:97,0
DA:98,0
DA:99,0
DA:100,0
DA:101,0
DA:102,0
DA:103,0
DA:104,0
DA:105,0
DA:106,0
DA:107,0
DA:108,0
DA:109,0
DA:110,0
DA:111,0
DA:112,0
DA:113,0
DA:114,0
DA:115,0
DA:116,0
DA:117,0
DA:118,0
DA:119,0
DA:120,0
DA:121,0
DA:122,0
DA:123,0
DA:124,0
DA:125,0
DA:126,0
DA:127,1
DA:128,1
LF:128
LH:15
BRF:0
BRH:0
end_of_record
TN:
SF:src/Context/ThemeContext.jsx
FN:3,toggleTheme
FN:12,ThemeProvider
FN:28,toggleTheme
FNF:3
FNH:2
FNDA:0,toggleTheme
FNDA:5,ThemeProvider
FNDA:1,toggleTheme
DA:1,1
DA:2,1
DA:3,1
DA:4,1
DA:5,1
DA:6,1
DA:7,1
DA:8,1
DA:9,1
DA:10,1
DA:11,1
DA:12,1
DA:13,5
DA:14,5
DA:15,5
DA:16,5
DA:17,3
DA:18,3
DA:19,3
DA:20,3
DA:21,3
DA:22,5
DA:23,5
DA:24,5
DA:25,5
DA:26,5
DA:27,5
DA:28,5
DA:29,5
DA:30,5
DA:31,5
DA:32,5
DA:33,5
DA:34,5
DA:35,5
LF:35
LH:35
BRDA:12,0,0,5
BRDA:14,1,0,2
BRDA:14,2,0,1
BRDA:16,3,0,3
BRDA:28,4,0,1
BRDA:28,5,0,1
BRDA:28,6,0,0
BRF:7
BRH:6
end_of_record
TN:
SF:src/assets/assets.js
FNF:0
FNH:0
DA:1,1
DA:2,1
DA:3,1
DA:4,1
DA:5,1
DA:6,1
DA:7,1
DA:8,1
DA:9,1
DA:10,1
DA:11,1
DA:12,1
DA:13,1
DA:14,1
DA:15,1
DA:16,1
DA:17,1
DA:18,1
DA:19,1
DA:20,1
DA:21,1
DA:22,1
DA:23,1
DA:24,1
DA:25,1
DA:26,1
DA:27,1
DA:28,1
DA:29,1
DA:30,1
DA:31,1
DA:32,1
DA:33,1
DA:34,1
DA:35,1
DA:36,1
DA:37,1
DA:38,1
DA:39,1
DA:40,1
DA:41,1
DA:42,1
DA:43,1
DA:44,1
DA:45,1
DA:46,1
DA:47,1
DA:48,1
DA:49,1
DA:50,1
DA:51,1
DA:52,1
DA:53,1
DA:54,1
DA:55,1
DA:56,1
DA:57,1
DA:58,1
DA:59,1
DA:60,1
DA:61,1
DA:62,1
DA:63,1
DA:64,1
DA:65,1
DA:66,1
DA:67,1
DA:68,1
DA:69,1
DA:70,1
DA:71,1
DA:72,1
DA:73,1
DA:74,1
DA:75,1
DA:76,1
DA:77,1
DA:78,1
DA:79,1
DA:80,1
DA:81,1
DA:82,1
DA:83,1
DA:84,1
DA:85,1
DA:86,1
DA:87,1
DA:88,1
DA:89,1
DA:90,1
DA:91,1
DA:92,1
DA:93,1
DA:94,1
DA:95,1
DA:96,1
DA:97,1
DA:98,1
DA:99,1
DA:100,1
DA:101,1
DA:102,1
DA:103,1
DA:104,1
DA:105,1
DA:106,1
DA:107,1
DA:108,1
DA:109,1
DA:110,1
DA:111,1
DA:112,1
DA:113,1
DA:114,1
DA:115,1
DA:116,1
DA:117,1
DA:118,1
DA:119,1
DA:120,1
DA:121,1
DA:122,1
DA:123,1
DA:124,1
DA:125,1
DA:126,1
DA:127,1
DA:128,1
DA:129,1
DA:130,1
DA:131,1
DA:132,1
DA:133,1
DA:134,1
DA:135,1
DA:136,1
DA:137,1
DA:138,1
DA:139,1
DA:140,1
DA:141,1
DA:142,1
DA:143,1
DA:144,1
DA:145,1
DA:146,1
DA:147,1
DA:148,1
DA:149,1
DA:150,1
DA:151,1
DA:152,1
DA:153,1
DA:154,1
DA:155,1
DA:156,1
DA:157,1
DA:158,1
DA:159,1
DA:160,1
DA:161,1
DA:162,1
DA:163,1
DA:164,1
DA:165,1
DA:166,1
DA:167,1
DA:168,1
DA:169,1
DA:170,1
DA:171,1
DA:172,1
DA:173,1
DA:174,1
DA:175,1
DA:176,1
DA:177,1
DA:178,1
DA:179,1
DA:180,1
DA:181,1
DA:182,1
DA:183,1
DA:184,1
DA:185,1
DA:186,1
DA:187,1
DA:188,1
DA:189,1
DA:190,1
DA:191,1
DA:192,1
DA:193,1
DA:194,1
DA:195,1
DA:196,1
DA:197,1
DA:198,1
DA:199,1
DA:200,1
DA:201,1
DA:202,1
DA:203,1
DA:204,1
DA:205,1
DA:206,1
DA:207,1
DA:208,1
DA:209,1
DA:210,1
DA:211,1
DA:212,1
DA:213,1
DA:214,1
DA:215,1
DA:216,1
DA:217,1
DA:218,1
DA:219,1
DA:220,1
DA:221,1
DA:222,1
DA:223,1
DA:224,1
DA:225,1
DA:226,1
DA:227,1
DA:228,1
DA:229,1
DA:230,1
DA:231,1
DA:232,1
DA:233,1
DA:234,1
DA:235,1
DA:236,1
DA:237,1
DA:238,1
DA:239,1
DA:240,1
DA:241,1
DA:242,1
DA:243,1
DA:244,1
DA:245,1
DA:246,1
DA:247,1
DA:248,1
DA:249,1
DA:250,1
DA:251,1
DA:252,1
DA:253,1
DA:254,1
DA:255,1
DA:256,1
DA:257,1
DA:258,1
DA:259,1
DA:260,1
DA:261,1
DA:262,1
DA:263,1
DA:264,1
DA:265,1
DA:266,1
DA:267,1
DA:268,1
DA:269,1
DA:270,1
DA:271,1
DA:272,1
DA:273,1
DA:274,1
DA:275,1
DA:276,1
DA:277,1
DA:278,1
DA:279,1
DA:280,1
DA:281,1
DA:282,1
DA:283,1
DA:284,1
DA:285,1
DA:286,1
DA:287,1
DA:288,1
DA:289,1
DA:290,1
DA:291,1
DA:292,1
DA:293,1
DA:294,1
DA:295,1
DA:296,1
DA:297,1
DA:298,1
DA:299,1
DA:300,1
DA:301,1
DA:302,1
DA:303,1
DA:304,1
DA:305,1
DA:306,1
DA:307,1
DA:308,1
DA:309,1
DA:310,1
DA:311,1
DA:312,1
DA:313,1
DA:314,1
DA:315,1
DA:316,1
DA:317,1
DA:318,1
DA:319,1
DA:320,1
DA:321,1
DA:322,1
DA:323,1
DA:324,1
DA:325,1
DA:326,1
DA:327,1
DA:328,1
DA:329,1
DA:330,1
DA:331,1
DA:332,1
DA:333,1
DA:334,1
DA:335,1
DA:336,1
DA:337,1
DA:338,1
DA:339,1
DA:340,1
DA:341,1
DA:342,1
DA:343,1
DA:344,1
DA:345,1
DA:346,1
DA:347,1
DA:348,1
DA:349,1
DA:350,1
DA:351,1
DA:352,1
DA:353,1
DA:354,1
LF:354
LH:354
BRF:0
BRH:0
end_of_record
TN:
SF:src/components/AppDownload/AppDownload.jsx
FN:5,AppDownload
FNF:1
FNH:1
FNDA:2,AppDownload
DA:1,1
DA:2,1
DA:3,1
DA:4,1
DA:5,1
DA:6,2
DA:7,2
DA:8,2
DA:9,2
DA:10,2
DA:11,2
DA:12,2
DA:13,1
DA:14,1
LF:14
LH:14
BRDA:5,0,0,2
BRF:1
BRH:1
end_of_record
TN:
SF:src/components/ExploreMenu/ExploreMenu.jsx
FN:5,ExploreMenu
FN:24,onClick
FNF:2
FNH:2
FNDA:2,ExploreMenu
FNDA:1,onClick
DA:1,1
DA:2,1
DA:3,1
DA:4,1
DA:5,1
DA:6,2
DA:7,2
DA:8,2
DA:9,2
DA:10,2
DA:11,2
DA:12,2
DA:13,2
DA:14,2
DA:15,2
DA:16,2
DA:17,2
DA:18,2
DA:19,2
DA:20,2
DA:21,2
DA:22,2
DA:23,2
DA:24,2
DA:25,1
DA:26,0
DA:27,1
DA:28,2
DA:29,2
DA:30,2
DA:31,2
DA:32,2
DA:33,2
DA:34,2
DA:35,2
DA:36,2
DA:37,2
DA:38,2
DA:39,2
DA:40,1
DA:41,1
LF:41
LH:40
BRDA:5,0,0,2
BRDA:18,1,0,2
BRDA:22,2,0,0
BRDA:24,3,0,1
BRF:4
BRH:3
end_of_record
TN:
SF:src/components/Food3DViewer/Food3DViewer.jsx
FN:6,FoodModel
FN:40,Loader
FN:48,Food3DViewer
FNF:3
FNH:2
FNDA:3,FoodModel
FNDA:0,Loader
FNDA:4,Food3DViewer
DA:1,1
DA:2,1
DA:3,1
DA:4,1
DA:5,1
DA:6,3
DA:7,3
DA:8,3
DA:9,3
DA:10,3
DA:11,1
DA:12,1
DA:13,1
DA:14,1
DA:15,1
DA:16,1
DA:17,1
DA:18,1
DA:19,15
DA:20,15
DA:21,1
DA:22,1
DA:23,1
DA:24,1
DA:25,1
DA:26,1
DA:27,1
DA:28,1
DA:29,0
DA:30,0
DA:31,1
DA:32,3
DA:33,3
DA:34,3
DA:35,1
DA:36,1
DA:37,1
DA:38,1
DA:39,1
DA:40,0
DA:41,0
DA:42,0
DA:43,0
DA:44,0
DA:45,0
DA:46,0
DA:47,1
DA:48,1
DA:49,4
DA:50,1
DA:51,1
DA:52,1
DA:53,1
DA:54,1
DA:55,1
DA:56,1
DA:57,1
DA:58,1
DA:59,1
DA:60,1
DA:61,1
DA:62,1
DA:63,1
DA:64,1
DA:65,1
DA:66,1
DA:67,1
DA:68,1
DA:69,1
DA:70,1
DA:71,1
DA:72,1
DA:73,1
DA:74,1
DA:75,1
DA:76,1
DA:77,1
DA:78,1
DA:79,1
DA:80,1
DA:81,1
DA:82,1
LF:82
LH:73
BRDA:6,0,0,3
BRDA:34,1,0,1
BRDA:10,2,0,1
BRDA:18,3,0,15
BRDA:23,4,0,0
BRDA:28,5,0,0
BRDA:27,6,0,1
BRDA:48,7,0,4
BRDA:49,8,0,2
BRDA:49,9,0,2
BRDA:49,10,0,1
BRF:11
BRH:9
end_of_record
TN:
SF:src/components/FoodDisplay/FoodDisplay.jsx
FN:7,FoodDisplay
FNF:1
FNH:1
FNDA:4,FoodDisplay
DA:1,1
DA:2,1
DA:3,1
DA:4,1
DA:5,1
DA:6,1
DA:7,1
DA:8,4
DA:9,4
DA:10,4
DA:11,4
DA:12,4
DA:13,4
DA:14,4
DA:15,4
DA:16,4
DA:17,4
DA:18,4
DA:19,2
DA:20,2
DA:21,4
DA:22,4
DA:23,4
DA:24,4
DA:25,4
DA:26,4
DA:27,4
DA:28,4
DA:29,4
DA:30,4
DA:31,4
DA:32,4
DA:33,4
DA:34,4
DA:35,4
DA:36,4
DA:37,4
DA:38,4
DA:39,1
DA:40,1
LF:40
LH:40
BRDA:7,0,0,4
BRDA:16,1,0,4
BRDA:16,2,0,0
BRDA:17,3,0,4
BRDA:18,4,0,2
BRDA:18,5,0,2
BRDA:19,6,0,2
BRDA:30,7,0,0
BRF:8
BRH:6
end_of_record
TN:
SF:src/components/FoodItem/FoodItem.jsx
FN:7,FoodItem
FN:31,onClick
FN:39,onClick
FN:41,onClick
FN:43,onClick
FN:58,onClick
FN:59,onClick
FN:60,onClick
FNF:8
FNH:3
FNDA:11,FoodItem
FNDA:0,onClick
FNDA:1,onClick
FNDA:1,onClick
FNDA:0,onClick
FNDA:0,onClick
FNDA:0,onClick
FNDA:0,onClick
DA:1,1
DA:2,1
DA:3,1
DA:4,1
DA:5,1
DA:6,1
DA:7,1
DA:8,11
DA:9,11
DA:10,11
DA:11,11
DA:12,11
DA:13,11
DA:14,11
DA:15,11
DA:16,0
DA:17,0
DA:18,11
DA:19,11
DA:20,11
DA:21,11
DA:22,11
DA:23,11
DA:24,11
DA:25,11
DA:26,11
DA:27,11
DA:28,11
DA:29,0
DA:30,0
DA:31,0
DA:32,0
DA:33,0
DA:34,0
DA:35,0
DA:36,11
DA:37,11
DA:38,11
DA:39,9
DA:40,2
DA:41,2
DA:42,2
DA:43,2
DA:44,2
DA:45,11
DA:46,11
DA:47,11
DA:48,11
DA:49,11
DA:50,11
DA:51,11
DA:52,11
DA:53,11
DA:54,11
DA:55,11
DA:56,11
DA:57,11
DA:58,0
DA:59,0
DA:60,0
DA:61,0
DA:62,0
DA:63,0
DA:64,0
DA:65,0
DA:66,0
DA:67,11
DA:68,11
DA:69,11
DA:70,11
DA:71,1
DA:72,1
LF:72
LH:54
BRDA:7,0,0,11
BRDA:28,1,0,0
BRDA:28,2,0,0
BRDA:38,3,0,9
BRDA:39,4,0,2
BRDA:57,5,0,0
BRDA:57,6,0,0
BRDA:14,7,0,11
BRDA:15,8,0,0
BRDA:15,9,0,0
BRDA:18,10,0,8
BRDA:39,11,0,1
BRDA:41,12,0,1
BRF:13
BRH:7
end_of_record
TN:
SF:src/components/Footer/Footer.jsx
FN:5,Footer
FNF:1
FNH:1
FNDA:4,Footer
DA:1,1
DA:2,1
DA:3,1
DA:4,1
DA:5,1
DA:6,4
DA:7,4
DA:8,4
DA:9,4
DA:10,4
DA:11,4
DA:12,4
DA:13,4
DA:14,4
DA:15,4
DA:16,4
DA:17,4
DA:18,4
DA:19,4
DA:20,4
DA:21,4
DA:22,4
DA:23,4
DA:24,4
DA:25,4
DA:26,4
DA:27,4
DA:28,4
DA:29,4
DA:30,4
DA:31,4
DA:32,4
DA:33,4
DA:34,4
DA:35,4
DA:36,4
DA:37,4
DA:38,4
DA:39,4
DA:40,1
DA:41,1
LF:41
LH:41
BRDA:5,0,0,4
BRF:1
BRH:1
end_of_record
TN:
SF:src/components/Header/Header.jsx
FN:4,Header
FNF:1
FNH:1
FNDA:2,Header
DA:1,1
DA:2,1
DA:3,1
DA:4,1
DA:5,2
DA:6,2
DA:7,2
DA:8,2
DA:9,2
DA:10,2
DA:11,2
DA:12,2
DA:13,2
DA:14,2
DA:15,1
DA:16,1
LF:16
LH:16
BRDA:4,0,0,2
BRF:1
BRH:1
end_of_record
TN:
SF:src/components/LoginPopup/LoginPopup.jsx
FN:8,LoginPopup
FN:26,onChangeHandler
FN:33,handleAddressChange
FN:56,handleSelectSuggestion
FN:66,onLogin
FN:112,onClick
FN:200,onClick
FN:205,onClick
FNF:8
FNH:7
FNDA:126,LoginPopup
FNDA:93,onChangeHandler
FNDA:11,handleAddressChange
FNDA:0,handleSelectSuggestion
FNDA:3,onLogin
FNDA:1,onClick
FNDA:1,onClick
FNDA:4,onClick
DA:1,1
DA:2,1
DA:3,1
DA:4,1
DA:5,1
DA:6,1
DA:7,1
DA:8,1
DA:9,126
DA:10,126
DA:11,126
DA:12,126
DA:13,126
DA:14,126
DA:15,126
DA:16,126
DA:17,126
DA:18,126
DA:19,126
DA:20,126
DA:21,126
DA:22,126
DA:23,126
DA:24,126
DA:25,126
DA:26,126
DA:27,93
DA:28,93
DA:29,93
DA:30,93
DA:31,126
DA:32,126
DA:33,126
DA:34,11
DA:35,11
DA:36,11
DA:37,11
DA:38,11
DA:39,2
DA:40,2
DA:41,2
DA:42,9
DA:43,9
DA:44,9
DA:45,9
DA:46,9
DA:47,9
DA:48,9
DA:49,9
DA:50,11
DA:51,0
DA:52,0
DA:53,11
DA:54,126
DA:55,126
DA:56,126
DA:57,0
DA:58,0
DA:59,0
DA:60,0
DA:61,0
DA:62,0
DA:63,0
DA:64,0
DA:65,126
DA:66,126
DA:67,3
DA:68,3
DA:69,3
DA:70,3
DA:71,2
DA:72,3
DA:73,1
DA:74,1
DA:75,3
DA:76,3
DA:77,3
DA:78,3
DA:79,1
DA:80,1
DA:81,1
DA:82,1
DA:83,1
DA:84,1
DA:85,1
DA:86,1
DA:87,1
DA:88,1
DA:89,1
DA:90,3
DA:91,3
DA:92,3
DA:93,3
DA:94,2
DA:95,2
DA:96,2
DA:97,2
DA:98,3
DA:99,1
DA:100,1
DA:101,3
DA:102,0
DA:103,0
DA:104,0
DA:105,3
DA:106,126
DA:107,126
DA:108,126
DA:109,126
DA:110,126
DA:111,126
DA:112,126
DA:113,126
DA:114,126
DA:115,126
DA:116,126
DA:117,65
DA:118,65
DA:119,65
DA:120,65
DA:121,65
DA:122,65
DA:123,65
DA:124,65
DA:125,65
DA:126,65
DA:127,65
DA:128,65
DA:129,65
DA:130,65
DA:131,65
DA:132,65
DA:133,65
DA:134,65
DA:135,65
DA:136,65
DA:137,65
DA:138,65
DA:139,0
DA:140,0
DA:141,0
DA:142,0
DA:143,0
DA:144,0
DA:145,0
DA:146,0
DA:147,0
DA:148,0
DA:149,0
DA:150,0
DA:151,0
DA:152,0
DA:153,0
DA:154,0
DA:155,0
DA:156,0
DA:157,0
DA:158,0
DA:159,0
DA:160,0
DA:161,0
DA:162,0
DA:163,0
DA:164,0
DA:165,0
DA:166,0
DA:167,65
DA:168,65
DA:169,65
DA:170,60
DA:171,126
DA:172,126
DA:173,126
DA:174,126
DA:175,126
DA:176,126
DA:177,126
DA:178,126
DA:179,126
DA:180,126
DA:181,126
DA:182,126
DA:183,126
DA:184,126
DA:185,126
DA:186,126
DA:187,126
DA:188,126
DA:189,126
DA:190,126
DA:191,126
DA:192,126
DA:193,126
DA:194,126
DA:195,126
DA:196,126
DA:197,126
DA:198,60
DA:199,60
DA:200,60
DA:201,60
DA:202,65
DA:203,65
DA:204,65
DA:205,65
DA:206,65
DA:207,126
DA:208,126
DA:209,126
DA:210,126
DA:211,126
DA:212,1
DA:213,1
LF:213
LH:172
BRDA:8,0,0,126
BRDA:116,1,0,65
BRDA:138,2,0,0
BRDA:169,3,0,60
BRDA:190,4,0,60
BRDA:190,5,0,65
BRDA:197,6,0,60
BRDA:201,7,0,65
BRDA:26,8,0,93
BRDA:29,9,0,93
BRDA:33,10,0,11
BRDA:38,11,0,2
BRDA:41,12,0,9
BRDA:50,13,0,0
BRDA:66,14,0,3
BRDA:70,15,0,2
BRDA:72,16,0,1
BRDA:78,17,0,1
BRDA:93,18,0,2
BRDA:98,19,0,1
BRDA:101,20,0,0
BRDA:112,21,0,1
BRDA:200,22,0,1
BRDA:205,23,0,4
BRF:24
BRH:21
end_of_record
TN:
SF:src/components/Navbar/Navbar.jsx
FN:8,Navbar
FN:14,logout
FN:29,onClick
FN:32,onClick
FN:35,onClick
FN:38,onClick
FN:63,onClick
FN:68,onClick
FNF:8
FNH:3
FNDA:11,Navbar
FNDA:1,logout
FNDA:0,onClick
FNDA:0,onClick
FNDA:0,onClick
FNDA:0,onClick
FNDA:1,onClick
FNDA:0,onClick
DA:1,1
DA:2,1
DA:3,1
DA:4,1
DA:5,1
DA:6,1
DA:7,1
DA:8,1
DA:9,11
DA:10,11
DA:11,11
DA:12,11
DA:13,11
DA:14,11
DA:15,1
DA:16,1
DA:17,1
DA:18,1
DA:19,11
DA:20,11
DA:21,11
DA:22,11
DA:23,11
DA:24,11
DA:25,11
DA:26,11
DA:27,11
DA:28,11
DA:29,11
DA:30,11
DA:31,11
DA:32,11
DA:33,11
DA:34,11
DA:35,11
DA:36,11
DA:37,11
DA:38,11
DA:39,11
DA:40,11
DA:41,11
DA:42,11
DA:43,11
DA:44,11
DA:45,11
DA:46,11
DA:47,11
DA:48,11
DA:49,11
DA:50,11
DA:51,11
DA:52,11
DA:53,11
DA:54,11
DA:55,11
DA:56,11
DA:57,11
DA:58,11
DA:59,11
DA:60,11
DA:61,11
DA:62,11
DA:63,7
DA:64,4
DA:65,4
DA:66,4
DA:67,4
DA:68,4
DA:69,4
DA:70,4
DA:71,4
DA:72,4
DA:73,4
DA:74,4
DA:75,4
DA:76,4
DA:77,11
DA:78,11
DA:79,11
DA:80,11
DA:81,11
DA:82,1
DA:83,1
LF:83
LH:83
BRDA:8,0,0,11
BRDA:29,1,0,0
BRDA:32,2,0,0
BRDA:35,3,0,0
BRDA:38,4,0,0
BRDA:50,5,0,10
BRDA:50,6,0,1
BRDA:56,7,0,0
BRDA:58,8,0,0
BRDA:62,9,0,7
BRDA:63,10,0,4
BRDA:14,11,0,1
BRDA:63,12,0,1
BRF:13
BRH:7
end_of_record
TN:
SF:src/components/NotificationListener/NotificationListener.jsx
FN:14,NotificationListener
FN:22,getUserId
FN:39,handleClaimOrder
FN:79,handleOrderCancelled
FNF:4
FNH:2
FNDA:4,NotificationListener
FNDA:2,getUserId
FNDA:0,handleClaimOrder
FNDA:0,handleOrderCancelled
DA:1,1
DA:2,1
DA:3,1
DA:4,1
DA:5,1
DA:6,1
DA:7,1
DA:8,1
DA:9,1
DA:10,1
DA:11,1
DA:12,1
DA:13,1
DA:14,1
DA:15,4
DA:16,4
DA:17,4
DA:18,4
DA:19,4
DA:20,4
DA:21,4
DA:22,4
DA:23,2
DA:24,2
DA:25,2
DA:26,2
DA:27,2
DA:28,0
DA:29,0
DA:30,0
DA:31,2
DA:32,4
DA:33,4
DA:34,4
DA:35,4
DA:36,4
DA:37,4
DA:38,4
DA:39,4
DA:40,0
DA:41,0
DA:42,0
DA:43,0
DA:44,0
DA:45,0
DA:46,0
DA:47,0
DA:48,0
DA:49,0
DA:50,0
DA:51,0
DA:52,0
DA:53,0
DA:54,0
DA:55,0
DA:56,0
DA:57,0
DA:58,0
DA:59,0
DA:60,0
DA:61,0
DA:62,0
DA:63,0
DA:64,0
DA:65,4
DA:66,4
DA:67,4
DA:68,2
DA:69,2
DA:70,2
DA:71,2
DA:72,2
DA:73,2
DA:74,4
DA:75,4
DA:76,4
DA:77,4
DA:78,2
DA:79,2
DA:80,0
DA:81,0
DA:82,0
DA:83,0
DA:84,0
DA:85,0
DA:86,0
DA:87,0
DA:88,0
DA:89,0
DA:90,0
DA:91,0
DA:92,0
DA:93,0
DA:94,0
DA:95,0
DA:96,0
DA:97,0
DA:98,0
DA:99,0
DA:100,0
DA:101,0
DA:102,0
DA:103,0
DA:104,0
DA:105,0
DA:106,0
DA:107,0
DA:108,0
DA:109,0
DA:110,0
DA:111,0
DA:112,0
DA:113,0
DA:114,0
DA:115,0
DA:116,0
DA:117,0
DA:118,0
DA:119,0
DA:120,0
DA:121,0
DA:122,0
DA:123,0
DA:124,0
DA:125,0
DA:126,0
DA:127,0
DA:128,0
DA:129,0
DA:130,0
DA:131,0
DA:132,0
DA:133,0
DA:134,0
DA:135,0
DA:136,0
DA:137,0
DA:138,0
DA:139,0
DA:140,0
DA:141,0
DA:142,0
DA:143,0
DA:144,0
DA:145,0
DA:146,0
DA:147,0
DA:148,0
DA:149,2
DA:150,2
DA:151,2
DA:152,2
DA:153,2
DA:154,2
DA:155,2
DA:156,4
DA:157,4
DA:158,4
DA:159,4
DA:160,1
DA:161,1
LF:161
LH:64
BRDA:14,0,0,4
BRDA:22,1,0,2
BRDA:23,2,0,0
BRDA:27,3,0,0
BRDA:66,4,0,4
BRDA:67,5,0,3
BRDA:67,6,0,2
BRDA:76,7,0,4
BRDA:77,8,0,3
BRDA:77,9,0,2
BRDA:153,10,0,2
BRF:11
BRH:9
end_of_record
TN:
SF:src/pages/Cart/Cart.jsx
FN:6,Cart
FN:45,onClick
FNF:2
FNH:1
FNDA:3,Cart
FNDA:0,onClick
DA:1,1
DA:2,1
DA:3,1
DA:4,1
DA:5,1
DA:6,1
DA:7,3
DA:8,3
DA:9,3
DA:10,3
DA:11,3
DA:12,3
DA:13,3
DA:14,3
DA:15,3
DA:16,3
DA:17,3
DA:18,3
DA:19,3
DA:20,0
DA:21,0
DA:22,0
DA:23,0
DA:24,0
DA:25,0
DA:26,0
DA:27,0
DA:28,0
DA:29,0
DA:30,0
DA:31,0
DA:32,0
DA:33,3
DA:34,3
DA:35,3
DA:36,3
DA:37,3
DA:38,3
DA:39,3
DA:40,3
DA:41,3
DA:42,3
DA:43,3
DA:44,3
DA:45,3
DA:46,3
DA:47,3
DA:48,3
DA:49,3
DA:50,3
DA:51,3
DA:52,3
DA:53,3
DA:54,3
DA:55,3
DA:56,3
DA:57,3
DA:58,3
DA:59,3
DA:60,1
DA:61,1
LF:61
LH:48
BRDA:6,0,0,3
BRDA:41,1,0,0
BRDA:43,2,0,0
BRF:3
BRH:1
end_of_record
TN:
SF:src/pages/Home/Home.jsx
FN:7,Home
FNF:1
FNH:1
FNDA:4,Home
DA:1,1
DA:2,1
DA:3,1
DA:4,1
DA:5,1
DA:6,1
DA:7,1
DA:8,4
DA:9,4
DA:10,4
DA:11,4
DA:12,4
DA:13,4
DA:14,4
DA:15,4
DA:16,4
DA:17,4
DA:18,4
DA:19,4
DA:20,1
DA:21,1
LF:21
LH:21
BRDA:7,0,0,4
BRF:1
BRH:1
end_of_record
TN:
SF:src/pages/MyOrders/MyOrders.jsx
FN:8,MyOrders
FN:16,getUserId
FN:28,fetchOrders
FN:33,cancelOrder
FN:61,orderRefreshHandlerRef.current
FN:78,calculateProgress
FN:156,onClick
FNF:7
FNH:4
FNDA:4,MyOrders
FNDA:4,getUserId
FNDA:2,fetchOrders
FNDA:0,cancelOrder
FNDA:0,orderRefreshHandlerRef.current
FNDA:1,calculateProgress
FNDA:0,onClick
DA:1,1
DA:2,1
DA:3,1
DA:4,1
DA:5,1
DA:6,1
DA:7,1
DA:8,1
DA:9,4
DA:10,4
DA:11,4
DA:12,4
DA:13,4
DA:14,4
DA:15,4
DA:16,4
DA:17,4
DA:18,4
DA:19,4
DA:20,4
DA:21,4
DA:22,4
DA:23,4
DA:24,4
DA:25,4
DA:26,4
DA:27,4
DA:28,4
DA:29,2
DA:30,2
DA:31,2
DA:32,4
DA:33,4
DA:34,0
DA:35,0
DA:36,0
DA:37,0
DA:38,0
DA:39,0
DA:40,0
DA:41,0
DA:42,0
DA:43,0
DA:44,0
DA:45,0
DA:46,0
DA:47,0
DA:48,0
DA:49,0
DA:50,4
DA:51,4
DA:52,2
DA:53,2
DA:54,2
DA:55,4
DA:56,4
DA:57,4
DA:58,4
DA:59,2
DA:60,0
DA:61,0
DA:62,0
DA:63,0
DA:64,0
DA:65,0
DA:66,0
DA:67,0
DA:68,0
DA:69,0
DA:70,0
DA:71,0
DA:72,0
DA:73,0
DA:74,0
DA:75,4
DA:76,4
DA:77,4
DA:78,4
DA:79,1
DA:80,1
DA:81,1
DA:82,1
DA:83,1
DA:84,1
DA:85,1
DA:86,4
DA:87,4
DA:88,4
DA:89,4
DA:90,2
DA:91,0
DA:92,2
DA:93,2
DA:94,4
DA:95,4
DA:96,4
DA:97,4
DA:98,4
DA:99,4
DA:100,4
DA:101,1
DA:102,1
DA:103,1
DA:104,0
DA:105,1
DA:106,0
DA:107,1
DA:108,0
DA:109,0
DA:110,1
DA:111,1
DA:112,1
DA:113,1
DA:114,1
DA:115,1
DA:116,1
DA:117,1
DA:118,1
DA:119,1
DA:120,1
DA:121,0
DA:122,0
DA:123,0
DA:124,1
DA:125,1
DA:126,1
DA:127,1
DA:128,1
DA:129,1
DA:130,0
DA:131,0
DA:132,0
DA:133,0
DA:134,0
DA:135,0
DA:136,1
DA:137,1
DA:138,1
DA:139,1
DA:140,1
DA:141,1
DA:142,1
DA:143,1
DA:144,1
DA:145,1
DA:146,0
DA:147,1
DA:148,0
DA:149,1
DA:150,1
DA:151,1
DA:152,1
DA:153,1
DA:154,1
DA:155,1
DA:156,1
DA:157,1
DA:158,1
DA:159,1
DA:160,1
DA:161,1
DA:162,1
DA:163,1
DA:164,1
DA:165,1
DA:166,1
DA:167,4
DA:168,4
DA:169,4
DA:170,4
DA:171,4
DA:172,1
DA:173,1
LF:173
LH:126
BRDA:8,0,0,4
BRDA:16,1,0,4
BRDA:17,2,0,0
BRDA:28,3,0,2
BRDA:51,4,0,2
BRDA:58,5,0,2
BRDA:59,6,0,0
BRDA:78,7,0,1
BRDA:89,8,0,2
BRDA:93,9,0,2
BRDA:100,10,0,1
BRDA:103,11,0,0
BRDA:103,12,0,0
BRDA:105,13,0,0
BRDA:105,14,0,0
BRDA:107,15,0,0
BRDA:114,16,0,0
BRDA:129,17,0,0
BRDA:145,18,0,0
BRDA:147,19,0,0
BRDA:159,20,0,0
BRDA:160,21,0,0
BRDA:163,22,0,0
BRDA:117,23,0,1
BRDA:120,24,0,0
BRF:25
BRH:10
end_of_record
TN:
SF:src/pages/PlaceOrder/PlaceOrder.jsx
FN:15,PlaceOrder
FN:40,onChangeHandler
FN:52,placeOrder
FN:135,onClick
FN:139,onClick
FNF:5
FNH:4
FNDA:201,PlaceOrder
FNDA:193,onChangeHandler
FNDA:3,placeOrder
FNDA:0,onClick
FNDA:1,onClick
DA:1,1
DA:2,1
DA:3,1
DA:4,1
DA:5,1
DA:6,1
DA:7,1
DA:8,1
DA:9,1
DA:10,1
DA:11,1
DA:12,1
DA:13,1
DA:14,1
DA:15,1
DA:16,201
DA:17,201
DA:18,201
DA:19,201
DA:20,201
DA:21,201
DA:22,201
DA:23,201
DA:24,201
DA:25,201
DA:26,201
DA:27,201
DA:28,201
DA:29,201
DA:30,201
DA:31,201
DA:32,201
DA:33,201
DA:34,201
DA:35,201
DA:36,201
DA:37,201
DA:38,201
DA:39,201
DA:40,201
DA:41,193
DA:42,193
DA:43,193
DA:44,193
DA:45,201
DA:46,201
DA:47,201
DA:48,201
DA:49,201
DA:50,201
DA:51,201
DA:52,201
DA:53,3
DA:54,3
DA:55,3
DA:56,6
DA:57,6
DA:58,6
DA:59,6
DA:60,6
DA:61,3
DA:62,3
DA:63,3
DA:64,3
DA:65,3
DA:66,3
DA:67,3
DA:68,1
DA:69,1
DA:70,1
DA:71,1
DA:72,1
DA:73,1
DA:74,0
DA:75,0
DA:76,0
DA:77,1
DA:78,2
DA:79,2
DA:80,2
DA:81,1
DA:82,1
DA:83,1
DA:84,1
DA:85,1
DA:86,1
DA:87,1
DA:88,2
DA:89,3
DA:90,3
DA:91,201
DA:92,201
DA:93,6
DA:94,0
DA:95,0
DA:96,0
DA:97,6
DA:98,0
DA:99,0
DA:100,201
DA:101,201
DA:102,201
DA:103,201
DA:104,201
DA:105,201
DA:106,201
DA:107,201
DA:108,201
DA:109,201
DA:110,201
DA:111,201
DA:112,201
DA:113,201
DA:114,201
DA:115,201
DA:116,201
DA:117,201
DA:118,201
DA:119,201
DA:120,201
DA:121,201
DA:122,201
DA:123,201
DA:124,201
DA:125,201
DA:126,201
DA:127,201
DA:128,201
DA:129,201
DA:130,201
DA:131,201
DA:132,201
DA:133,201
DA:134,201
DA:135,201
DA:136,201
DA:137,201
DA:138,201
DA:139,201
DA:140,201
DA:141,201
DA:142,201
DA:143,201
DA:144,201
DA:145,201
DA:146,201
DA:147,201
DA:148,201
DA:149,1
DA:150,1
LF:150
LH:142
BRDA:15,0,0,201
BRDA:128,1,0,0
BRDA:128,2,0,200
BRDA:130,3,0,0
BRDA:130,4,0,200
BRDA:136,5,0,136
BRDA:136,6,0,64
BRDA:140,7,0,64
BRDA:140,8,0,136
BRDA:144,9,0,136
BRDA:144,10,0,64
BRDA:40,11,0,193
BRDA:43,12,0,193
BRDA:52,13,0,3
BRDA:67,14,0,1
BRDA:73,15,0,0
BRDA:77,16,0,2
BRDA:80,17,0,1
BRDA:55,18,0,6
BRDA:92,19,0,6
BRDA:93,20,0,0
BRDA:97,21,0,0
BRDA:139,22,0,1
BRF:23
BRH:18
end_of_record
TN:
SF:src/pages/Verify/Verify.jsx
FN:7,Verify
FN:15,verifyPayment
FNF:2
FNH:2
FNDA:3,Verify
FNDA:3,verifyPayment
DA:1,1
DA:2,1
DA:3,1
DA:4,1
DA:5,1
DA:6,1
DA:7,1
DA:8,3
DA:9,3
DA:10,3
DA:11,3
DA:12,3
DA:13,3
DA:14,3
DA:15,3
DA:16,3
DA:17,3
DA:18,2
DA:19,2
DA:20,1
DA:21,1
DA:22,1
DA:23,3
DA:24,3
DA:25,3
DA:26,3
DA:27,3
DA:28,3
DA:29,3
DA:30,3
DA:31,3
DA:32,3
DA:33,3
DA:34,3
DA:35,1
DA:36,1
LF:36
LH:36
BRDA:7,0,0,3
BRDA:15,1,0,3
BRDA:17,2,0,2
BRDA:19,3,0,1
BRDA:25,4,0,3
BRF:5
BRH:5
end_of_record
